{
  "stats": {
    "suites": 19,
    "tests": 59,
    "passes": 59,
    "pending": 0,
    "failures": 0,
    "start": "2023-03-29T16:51:35.745Z",
    "end": "2023-03-29T16:51:35.924Z",
    "duration": 179,
    "testsRegistered": 59,
    "passPercent": 100,
    "pendingPercent": 0,
    "other": 0,
    "hasOther": false,
    "skipped": 0,
    "hasSkipped": false
  },
  "results": [
    {
      "uuid": "adebb9ea-4de9-4751-aaa4-79c272f6698d",
      "title": "",
      "fullFile": "",
      "file": "",
      "beforeHooks": [],
      "afterHooks": [],
      "tests": [],
      "suites": [
        {
          "uuid": "9ed11ab4-f049-49eb-9bda-8953dc67361c",
          "title": "Order Model",
          "fullFile": "C:\\Users\\rlond\\Desktop\\Code\\store\\backend\\src\\models\\test\\order-test.js",
          "file": "\\src\\models\\test\\order-test.js",
          "beforeHooks": [],
          "afterHooks": [],
          "tests": [
            {
              "title": "should have defined model",
              "fullTitle": "Order Model should have defined model",
              "timedOut": false,
              "duration": 1,
              "state": "passed",
              "speed": "fast",
              "pass": true,
              "fail": false,
              "pending": false,
              "context": null,
              "code": "expect(Order).to.exist;",
              "err": {},
              "uuid": "b9ab3e7a-629c-4b7d-919c-c28694f7be8e",
              "parentUUID": "9ed11ab4-f049-49eb-9bda-8953dc67361c",
              "isHook": false,
              "skipped": false
            }
          ],
          "suites": [],
          "passes": [
            "b9ab3e7a-629c-4b7d-919c-c28694f7be8e"
          ],
          "failures": [],
          "pending": [],
          "skipped": [],
          "duration": 1,
          "root": false,
          "rootEmpty": false,
          "_timeout": 2000
        },
        {
          "uuid": "03881b27-63b2-4368-a866-cfbbdd319d20",
          "title": "Order Schema",
          "fullFile": "C:\\Users\\rlond\\Desktop\\Code\\store\\backend\\src\\models\\test\\order-test.js",
          "file": "\\src\\models\\test\\order-test.js",
          "beforeHooks": [],
          "afterHooks": [],
          "tests": [
            {
              "title": "should be defined",
              "fullTitle": "Order Schema should be defined",
              "timedOut": false,
              "duration": 0,
              "state": "passed",
              "speed": "fast",
              "pass": true,
              "fail": false,
              "pending": false,
              "context": null,
              "code": "expect(order_schema).to.exist;",
              "err": {},
              "uuid": "a73c1250-58ff-44eb-86d7-0d7d859461f1",
              "parentUUID": "03881b27-63b2-4368-a866-cfbbdd319d20",
              "isHook": false,
              "skipped": false
            },
            {
              "title": "should have a user id key",
              "fullTitle": "Order Schema should have a user id key",
              "timedOut": false,
              "duration": 1,
              "state": "passed",
              "speed": "fast",
              "pass": true,
              "fail": false,
              "pending": false,
              "context": null,
              "code": "expect(order_schema.obj)\n.which.is.an('object')\n.and.has.property('user_id')",
              "err": {},
              "uuid": "fd29ebde-f68a-471e-8dbe-73c545d79077",
              "parentUUID": "03881b27-63b2-4368-a866-cfbbdd319d20",
              "isHook": false,
              "skipped": false
            },
            {
              "title": "should have an order status key",
              "fullTitle": "Order Schema should have an order status key",
              "timedOut": false,
              "duration": 0,
              "state": "passed",
              "speed": "fast",
              "pass": true,
              "fail": false,
              "pending": false,
              "context": null,
              "code": "expect(order_schema.obj)\n.which.is.an('object')\n.and.has.property('order_status')",
              "err": {},
              "uuid": "0f7943d5-2e81-4994-b50a-df10bcf3bbba",
              "parentUUID": "03881b27-63b2-4368-a866-cfbbdd319d20",
              "isHook": false,
              "skipped": false
            }
          ],
          "suites": [],
          "passes": [
            "a73c1250-58ff-44eb-86d7-0d7d859461f1",
            "fd29ebde-f68a-471e-8dbe-73c545d79077",
            "0f7943d5-2e81-4994-b50a-df10bcf3bbba"
          ],
          "failures": [],
          "pending": [],
          "skipped": [],
          "duration": 1,
          "root": false,
          "rootEmpty": false,
          "_timeout": 2000
        },
        {
          "uuid": "d1c3986b-41fd-41ec-8c65-3638b035baaa",
          "title": "Test Order",
          "fullFile": "C:\\Users\\rlond\\Desktop\\Code\\store\\backend\\src\\models\\test\\order-test.js",
          "file": "\\src\\models\\test\\order-test.js",
          "beforeHooks": [],
          "afterHooks": [],
          "tests": [
            {
              "title": "should have a value for id",
              "fullTitle": "Test Order should have a value for id",
              "timedOut": false,
              "duration": 1,
              "state": "passed",
              "speed": "fast",
              "pass": true,
              "fail": false,
              "pending": false,
              "context": null,
              "code": "expect(order)\n.which.is.an('object')\n.and.has.property('_id')\n.and.not.equal('undefined');",
              "err": {},
              "uuid": "7fbc2929-da04-407b-b3c6-04f92b86cd53",
              "parentUUID": "d1c3986b-41fd-41ec-8c65-3638b035baaa",
              "isHook": false,
              "skipped": false
            },
            {
              "title": "should have a value for user id",
              "fullTitle": "Test Order should have a value for user id",
              "timedOut": false,
              "duration": 1,
              "state": "passed",
              "speed": "fast",
              "pass": true,
              "fail": false,
              "pending": false,
              "context": null,
              "code": "expect(test_order)\n.which.is.an('object')\n.and.has.property('user_id')\n.and.equal(user._id);",
              "err": {},
              "uuid": "8f9281c8-ad29-4c54-9dba-ce4a25afbf7a",
              "parentUUID": "d1c3986b-41fd-41ec-8c65-3638b035baaa",
              "isHook": false,
              "skipped": false
            },
            {
              "title": "should have a value for order status",
              "fullTitle": "Test Order should have a value for order status",
              "timedOut": false,
              "duration": 1,
              "state": "passed",
              "speed": "fast",
              "pass": true,
              "fail": false,
              "pending": false,
              "context": null,
              "code": "expect(test_order)\n.which.is.an('object')\n.and.has.property('order_status')\n.and.equal(true);",
              "err": {},
              "uuid": "14e56769-d190-4bdd-8358-0eceb9d0e548",
              "parentUUID": "d1c3986b-41fd-41ec-8c65-3638b035baaa",
              "isHook": false,
              "skipped": false
            }
          ],
          "suites": [],
          "passes": [
            "7fbc2929-da04-407b-b3c6-04f92b86cd53",
            "8f9281c8-ad29-4c54-9dba-ce4a25afbf7a",
            "14e56769-d190-4bdd-8358-0eceb9d0e548"
          ],
          "failures": [],
          "pending": [],
          "skipped": [],
          "duration": 3,
          "root": false,
          "rootEmpty": false,
          "_timeout": 2000
        },
        {
          "uuid": "b5532b2d-6e83-471f-9bae-531331bd95fe",
          "title": "Validate Order Method",
          "fullFile": "C:\\Users\\rlond\\Desktop\\Code\\store\\backend\\src\\models\\test\\order-test.js",
          "file": "\\src\\models\\test\\order-test.js",
          "beforeHooks": [],
          "afterHooks": [],
          "tests": [
            {
              "title": "should pass test user with correct schema requirements",
              "fullTitle": "Validate Order Method should pass test user with correct schema requirements",
              "timedOut": false,
              "duration": 4,
              "state": "passed",
              "speed": "fast",
              "pass": true,
              "fail": false,
              "pending": false,
              "context": null,
              "code": "const result = handleOrderErrors(test_order);\nexpect(result.error).to.equal(undefined);",
              "err": {},
              "uuid": "4d540a5e-aeab-41c6-9905-a2ce9414cefe",
              "parentUUID": "b5532b2d-6e83-471f-9bae-531331bd95fe",
              "isHook": false,
              "skipped": false
            },
            {
              "title": "should fail a user with incorrect schema requirements",
              "fullTitle": "Validate Order Method should fail a user with incorrect schema requirements",
              "timedOut": false,
              "duration": 1,
              "state": "passed",
              "speed": "fast",
              "pass": true,
              "fail": false,
              "pending": false,
              "context": null,
              "code": "test_order.order_status = \"false\";\nconst result = handleOrderErrors(test_order);\nassert.rejects(() => {\n    console.error(result.error.details[0].message)\n}, (err) => err === result.error.details[0].message)",
              "err": {},
              "uuid": "eae1cd7b-bb7d-49fa-8f36-9812416665d8",
              "parentUUID": "b5532b2d-6e83-471f-9bae-531331bd95fe",
              "isHook": false,
              "skipped": false
            }
          ],
          "suites": [],
          "passes": [
            "4d540a5e-aeab-41c6-9905-a2ce9414cefe",
            "eae1cd7b-bb7d-49fa-8f36-9812416665d8"
          ],
          "failures": [],
          "pending": [],
          "skipped": [],
          "duration": 5,
          "root": false,
          "rootEmpty": false,
          "_timeout": 2000
        },
        {
          "uuid": "68a54c23-7253-4fa9-b4e4-0c43b31a327a",
          "title": "Product Ordered Model",
          "fullFile": "C:\\Users\\rlond\\Desktop\\Code\\store\\backend\\src\\models\\test\\product_ordered-test.js",
          "file": "\\src\\models\\test\\product_ordered-test.js",
          "beforeHooks": [],
          "afterHooks": [],
          "tests": [
            {
              "title": "should have a defined model",
              "fullTitle": "Product Ordered Model should have a defined model",
              "timedOut": false,
              "duration": 0,
              "state": "passed",
              "speed": "fast",
              "pass": true,
              "fail": false,
              "pending": false,
              "context": null,
              "code": "expect(Product_Ordered).to.exist;",
              "err": {},
              "uuid": "b5adf00c-c37c-4f78-9a3e-e0292f2ac7ed",
              "parentUUID": "68a54c23-7253-4fa9-b4e4-0c43b31a327a",
              "isHook": false,
              "skipped": false
            }
          ],
          "suites": [],
          "passes": [
            "b5adf00c-c37c-4f78-9a3e-e0292f2ac7ed"
          ],
          "failures": [],
          "pending": [],
          "skipped": [],
          "duration": 0,
          "root": false,
          "rootEmpty": false,
          "_timeout": 2000
        },
        {
          "uuid": "1fb566bc-d2e4-46b4-8183-142d34f99b55",
          "title": "Product Ordered Schema",
          "fullFile": "C:\\Users\\rlond\\Desktop\\Code\\store\\backend\\src\\models\\test\\product_ordered-test.js",
          "file": "\\src\\models\\test\\product_ordered-test.js",
          "beforeHooks": [],
          "afterHooks": [],
          "tests": [
            {
              "title": "should be defined",
              "fullTitle": "Product Ordered Schema should be defined",
              "timedOut": false,
              "duration": 0,
              "state": "passed",
              "speed": "fast",
              "pass": true,
              "fail": false,
              "pending": false,
              "context": null,
              "code": "expect(product_ordered_schema).to.exist;",
              "err": {},
              "uuid": "a690b67e-0c3b-4e7a-9e9b-d7f18a24734a",
              "parentUUID": "1fb566bc-d2e4-46b4-8183-142d34f99b55",
              "isHook": false,
              "skipped": false
            },
            {
              "title": "should have a quantity key",
              "fullTitle": "Product Ordered Schema should have a quantity key",
              "timedOut": false,
              "duration": 0,
              "state": "passed",
              "speed": "fast",
              "pass": true,
              "fail": false,
              "pending": false,
              "context": null,
              "code": "expect(product_ordered_schema.obj)\n.which.is.an('object')\n.and.has.property('quantity');",
              "err": {},
              "uuid": "b6bcb395-9551-44ca-9de3-47e4f77a77f1",
              "parentUUID": "1fb566bc-d2e4-46b4-8183-142d34f99b55",
              "isHook": false,
              "skipped": false
            },
            {
              "title": "should have a product id key",
              "fullTitle": "Product Ordered Schema should have a product id key",
              "timedOut": false,
              "duration": 1,
              "state": "passed",
              "speed": "fast",
              "pass": true,
              "fail": false,
              "pending": false,
              "context": null,
              "code": "expect(product_ordered_schema.obj)\n.which.is.an('object')\n.and.has.property('product_id');",
              "err": {},
              "uuid": "a769111e-a78f-4a57-a8eb-f619c95b2739",
              "parentUUID": "1fb566bc-d2e4-46b4-8183-142d34f99b55",
              "isHook": false,
              "skipped": false
            },
            {
              "title": "should have an order id key",
              "fullTitle": "Product Ordered Schema should have an order id key",
              "timedOut": false,
              "duration": 0,
              "state": "passed",
              "speed": "fast",
              "pass": true,
              "fail": false,
              "pending": false,
              "context": null,
              "code": "expect(product_ordered_schema.obj)\n.which.is.an('object')\n.and.has.property('order_id');",
              "err": {},
              "uuid": "c1375164-c332-4314-a9fb-a3a26e1fc281",
              "parentUUID": "1fb566bc-d2e4-46b4-8183-142d34f99b55",
              "isHook": false,
              "skipped": false
            }
          ],
          "suites": [],
          "passes": [
            "a690b67e-0c3b-4e7a-9e9b-d7f18a24734a",
            "b6bcb395-9551-44ca-9de3-47e4f77a77f1",
            "a769111e-a78f-4a57-a8eb-f619c95b2739",
            "c1375164-c332-4314-a9fb-a3a26e1fc281"
          ],
          "failures": [],
          "pending": [],
          "skipped": [],
          "duration": 1,
          "root": false,
          "rootEmpty": false,
          "_timeout": 2000
        },
        {
          "uuid": "820c99a5-524e-472e-93f9-d3c85fccfc8e",
          "title": "Test Product Ordered",
          "fullFile": "C:\\Users\\rlond\\Desktop\\Code\\store\\backend\\src\\models\\test\\product_ordered-test.js",
          "file": "\\src\\models\\test\\product_ordered-test.js",
          "beforeHooks": [],
          "afterHooks": [],
          "tests": [
            {
              "title": "should hvae a value for id",
              "fullTitle": "Test Product Ordered should hvae a value for id",
              "timedOut": false,
              "duration": 0,
              "state": "passed",
              "speed": "fast",
              "pass": true,
              "fail": false,
              "pending": false,
              "context": null,
              "code": "expect(prod_ordered)\n.which.is.an('object')\n.and.has.property('_id')\n.and.not.equal('undefined');",
              "err": {},
              "uuid": "e3172672-7c72-4009-a84e-f8d5258a21c4",
              "parentUUID": "820c99a5-524e-472e-93f9-d3c85fccfc8e",
              "isHook": false,
              "skipped": false
            },
            {
              "title": "should have a value for quantity",
              "fullTitle": "Test Product Ordered should have a value for quantity",
              "timedOut": false,
              "duration": 0,
              "state": "passed",
              "speed": "fast",
              "pass": true,
              "fail": false,
              "pending": false,
              "context": null,
              "code": "expect(test_prod_ordered)\n.which.is.an('object')\n.and.has.property('quantity')\n.and.equal(10);",
              "err": {},
              "uuid": "94630c42-9e67-4a82-a176-43b572effabf",
              "parentUUID": "820c99a5-524e-472e-93f9-d3c85fccfc8e",
              "isHook": false,
              "skipped": false
            },
            {
              "title": "should have a value for order_id from order",
              "fullTitle": "Test Product Ordered should have a value for order_id from order",
              "timedOut": false,
              "duration": 1,
              "state": "passed",
              "speed": "fast",
              "pass": true,
              "fail": false,
              "pending": false,
              "context": null,
              "code": "expect(test_prod_ordered)\n.which.is.an('object')\n.and.has.property('order_id')\n.and.equal(order._id);",
              "err": {},
              "uuid": "d105f57c-f00b-490b-91d9-f73e6adacdad",
              "parentUUID": "820c99a5-524e-472e-93f9-d3c85fccfc8e",
              "isHook": false,
              "skipped": false
            },
            {
              "title": "should have a value for product_id from product",
              "fullTitle": "Test Product Ordered should have a value for product_id from product",
              "timedOut": false,
              "duration": 0,
              "state": "passed",
              "speed": "fast",
              "pass": true,
              "fail": false,
              "pending": false,
              "context": null,
              "code": "expect(test_prod_ordered)\n.which.is.an('object')\n.and.has.property('product_id')\n.and.equal(product._id);",
              "err": {},
              "uuid": "0f12d45e-236e-46fa-8f68-3b17e7dcc0b8",
              "parentUUID": "820c99a5-524e-472e-93f9-d3c85fccfc8e",
              "isHook": false,
              "skipped": false
            }
          ],
          "suites": [],
          "passes": [
            "e3172672-7c72-4009-a84e-f8d5258a21c4",
            "94630c42-9e67-4a82-a176-43b572effabf",
            "d105f57c-f00b-490b-91d9-f73e6adacdad",
            "0f12d45e-236e-46fa-8f68-3b17e7dcc0b8"
          ],
          "failures": [],
          "pending": [],
          "skipped": [],
          "duration": 1,
          "root": false,
          "rootEmpty": false,
          "_timeout": 2000
        },
        {
          "uuid": "0129d002-f204-4c6a-a72e-9d1f23017166",
          "title": "Validate Product Ordered Method",
          "fullFile": "C:\\Users\\rlond\\Desktop\\Code\\store\\backend\\src\\models\\test\\product_ordered-test.js",
          "file": "\\src\\models\\test\\product_ordered-test.js",
          "beforeHooks": [],
          "afterHooks": [],
          "tests": [
            {
              "title": "should pass test product ordered with correct schema requirements",
              "fullTitle": "Validate Product Ordered Method should pass test product ordered with correct schema requirements",
              "timedOut": false,
              "duration": 1,
              "state": "passed",
              "speed": "fast",
              "pass": true,
              "fail": false,
              "pending": false,
              "context": null,
              "code": "const result = handleProductOrderedErrors(test_prod_ordered);\nexpect(result.error).to.equal(undefined);",
              "err": {},
              "uuid": "7f329b9e-013c-4a6e-927e-2fb971d75e52",
              "parentUUID": "0129d002-f204-4c6a-a72e-9d1f23017166",
              "isHook": false,
              "skipped": false
            },
            {
              "title": "should fail a test product ordered with incorrect schema requirements",
              "fullTitle": "Validate Product Ordered Method should fail a test product ordered with incorrect schema requirements",
              "timedOut": false,
              "duration": 2,
              "state": "passed",
              "speed": "fast",
              "pass": true,
              "fail": false,
              "pending": false,
              "context": null,
              "code": "test_prod_ordered.quantity = \"1\";\nconst result = handleProductOrderedErrors(test_prod_ordered);\nassert.rejects(() => {\n    console.error(result.error.details[0].message);\n}, (err) => err === result.error.details[0].message)",
              "err": {},
              "uuid": "10b93701-c0e8-4ba8-a75d-3766df0ebe3e",
              "parentUUID": "0129d002-f204-4c6a-a72e-9d1f23017166",
              "isHook": false,
              "skipped": false
            }
          ],
          "suites": [],
          "passes": [
            "7f329b9e-013c-4a6e-927e-2fb971d75e52",
            "10b93701-c0e8-4ba8-a75d-3766df0ebe3e"
          ],
          "failures": [],
          "pending": [],
          "skipped": [],
          "duration": 3,
          "root": false,
          "rootEmpty": false,
          "_timeout": 2000
        },
        {
          "uuid": "fed63be7-0d4b-4033-a27d-921cb1550088",
          "title": "Product Model",
          "fullFile": "C:\\Users\\rlond\\Desktop\\Code\\store\\backend\\src\\models\\test\\product-test.js",
          "file": "\\src\\models\\test\\product-test.js",
          "beforeHooks": [],
          "afterHooks": [],
          "tests": [
            {
              "title": "should have a defined product model",
              "fullTitle": "Product Model should have a defined product model",
              "timedOut": false,
              "duration": 0,
              "state": "passed",
              "speed": "fast",
              "pass": true,
              "fail": false,
              "pending": false,
              "context": null,
              "code": "expect(Product).to.exist;",
              "err": {},
              "uuid": "e34020b2-4f71-4ddc-950e-ee74bbe30956",
              "parentUUID": "fed63be7-0d4b-4033-a27d-921cb1550088",
              "isHook": false,
              "skipped": false
            }
          ],
          "suites": [],
          "passes": [
            "e34020b2-4f71-4ddc-950e-ee74bbe30956"
          ],
          "failures": [],
          "pending": [],
          "skipped": [],
          "duration": 0,
          "root": false,
          "rootEmpty": false,
          "_timeout": 2000
        },
        {
          "uuid": "42e02536-be10-44a8-a855-a28c77d722df",
          "title": "Product Schema",
          "fullFile": "C:\\Users\\rlond\\Desktop\\Code\\store\\backend\\src\\models\\test\\product-test.js",
          "file": "\\src\\models\\test\\product-test.js",
          "beforeHooks": [],
          "afterHooks": [],
          "tests": [
            {
              "title": "should be defined",
              "fullTitle": "Product Schema should be defined",
              "timedOut": false,
              "duration": 0,
              "state": "passed",
              "speed": "fast",
              "pass": true,
              "fail": false,
              "pending": false,
              "context": null,
              "code": "expect(product_schema).to.exist;;",
              "err": {},
              "uuid": "611f9a6a-7c45-4341-a2f7-c6d356403151",
              "parentUUID": "42e02536-be10-44a8-a855-a28c77d722df",
              "isHook": false,
              "skipped": false
            },
            {
              "title": "should have a title key",
              "fullTitle": "Product Schema should have a title key",
              "timedOut": false,
              "duration": 1,
              "state": "passed",
              "speed": "fast",
              "pass": true,
              "fail": false,
              "pending": false,
              "context": null,
              "code": "expect(product_schema.obj)\n.which.is.an('object')\n.and.has.property('title');",
              "err": {},
              "uuid": "26a681b4-6529-4cfd-b420-4b83cd5af9e6",
              "parentUUID": "42e02536-be10-44a8-a855-a28c77d722df",
              "isHook": false,
              "skipped": false
            },
            {
              "title": "should have a description key",
              "fullTitle": "Product Schema should have a description key",
              "timedOut": false,
              "duration": 1,
              "state": "passed",
              "speed": "fast",
              "pass": true,
              "fail": false,
              "pending": false,
              "context": null,
              "code": "expect(product_schema.obj)\n.which.is.an('object')\n.and.has.property('description');",
              "err": {},
              "uuid": "be62eb6b-b2a5-4f90-a5ed-603e5f451023",
              "parentUUID": "42e02536-be10-44a8-a855-a28c77d722df",
              "isHook": false,
              "skipped": false
            },
            {
              "title": "should have a price key",
              "fullTitle": "Product Schema should have a price key",
              "timedOut": false,
              "duration": 0,
              "state": "passed",
              "speed": "fast",
              "pass": true,
              "fail": false,
              "pending": false,
              "context": null,
              "code": "expect(product_schema.obj)\n.which.is.an('object')\n.and.has.property('price');",
              "err": {},
              "uuid": "719ba6b5-5212-438d-b899-5f47ff3f23e8",
              "parentUUID": "42e02536-be10-44a8-a855-a28c77d722df",
              "isHook": false,
              "skipped": false
            }
          ],
          "suites": [],
          "passes": [
            "611f9a6a-7c45-4341-a2f7-c6d356403151",
            "26a681b4-6529-4cfd-b420-4b83cd5af9e6",
            "be62eb6b-b2a5-4f90-a5ed-603e5f451023",
            "719ba6b5-5212-438d-b899-5f47ff3f23e8"
          ],
          "failures": [],
          "pending": [],
          "skipped": [],
          "duration": 2,
          "root": false,
          "rootEmpty": false,
          "_timeout": 2000
        },
        {
          "uuid": "b799862e-9809-493f-8c2d-3c2f8667d3e3",
          "title": "Test Product",
          "fullFile": "C:\\Users\\rlond\\Desktop\\Code\\store\\backend\\src\\models\\test\\product-test.js",
          "file": "\\src\\models\\test\\product-test.js",
          "beforeHooks": [],
          "afterHooks": [],
          "tests": [
            {
              "title": "should have an id",
              "fullTitle": "Test Product should have an id",
              "timedOut": false,
              "duration": 1,
              "state": "passed",
              "speed": "fast",
              "pass": true,
              "fail": false,
              "pending": false,
              "context": null,
              "code": "expect(product)\n.which.is.an('object')\n.and.has.property('_id')\n.and.not.equal('undefined');",
              "err": {},
              "uuid": "0c817122-650e-46d6-9204-2b5ef7f4e123",
              "parentUUID": "b799862e-9809-493f-8c2d-3c2f8667d3e3",
              "isHook": false,
              "skipped": false
            },
            {
              "title": "should have a value for title",
              "fullTitle": "Test Product should have a value for title",
              "timedOut": false,
              "duration": 0,
              "state": "passed",
              "speed": "fast",
              "pass": true,
              "fail": false,
              "pending": false,
              "context": null,
              "code": "expect(test_product)\n.which.is.an('object')\n.and.has.property('title')\n.and.equal('test product');",
              "err": {},
              "uuid": "701feb3e-9754-405b-b093-e0ec81dc43f3",
              "parentUUID": "b799862e-9809-493f-8c2d-3c2f8667d3e3",
              "isHook": false,
              "skipped": false
            },
            {
              "title": "should have a value for description",
              "fullTitle": "Test Product should have a value for description",
              "timedOut": false,
              "duration": 0,
              "state": "passed",
              "speed": "fast",
              "pass": true,
              "fail": false,
              "pending": false,
              "context": null,
              "code": "expect(test_product)\n.which.is.an('object')\n.and.has.property('description')\n.and.equal('I am a test product for the store backend');",
              "err": {},
              "uuid": "385d370d-16ce-4321-8523-dd00d33a17c6",
              "parentUUID": "b799862e-9809-493f-8c2d-3c2f8667d3e3",
              "isHook": false,
              "skipped": false
            },
            {
              "title": "should have a value for price",
              "fullTitle": "Test Product should have a value for price",
              "timedOut": false,
              "duration": 0,
              "state": "passed",
              "speed": "fast",
              "pass": true,
              "fail": false,
              "pending": false,
              "context": null,
              "code": "expect(test_product)\n.which.is.an('object')\n.and.has.property('price')\n.and.equal(109.99);",
              "err": {},
              "uuid": "e2502084-df71-422c-b28c-0f46052a112f",
              "parentUUID": "b799862e-9809-493f-8c2d-3c2f8667d3e3",
              "isHook": false,
              "skipped": false
            }
          ],
          "suites": [],
          "passes": [
            "0c817122-650e-46d6-9204-2b5ef7f4e123",
            "701feb3e-9754-405b-b093-e0ec81dc43f3",
            "385d370d-16ce-4321-8523-dd00d33a17c6",
            "e2502084-df71-422c-b28c-0f46052a112f"
          ],
          "failures": [],
          "pending": [],
          "skipped": [],
          "duration": 1,
          "root": false,
          "rootEmpty": false,
          "_timeout": 2000
        },
        {
          "uuid": "b8c278da-8ff8-46cb-9348-27677dfd9883",
          "title": "Validate Product Method",
          "fullFile": "C:\\Users\\rlond\\Desktop\\Code\\store\\backend\\src\\models\\test\\product-test.js",
          "file": "\\src\\models\\test\\product-test.js",
          "beforeHooks": [],
          "afterHooks": [],
          "tests": [
            {
              "title": "should pass test product with correct schema requirements",
              "fullTitle": "Validate Product Method should pass test product with correct schema requirements",
              "timedOut": false,
              "duration": 1,
              "state": "passed",
              "speed": "fast",
              "pass": true,
              "fail": false,
              "pending": false,
              "context": null,
              "code": "const result = handleProductErrors(test_product);\nexpect(result.error).to.equal(undefined);",
              "err": {},
              "uuid": "8615f6e9-8dce-4e43-9059-52b95f38f5ad",
              "parentUUID": "b8c278da-8ff8-46cb-9348-27677dfd9883",
              "isHook": false,
              "skipped": false
            },
            {
              "title": "should fail a test product with incorrect schema requirements",
              "fullTitle": "Validate Product Method should fail a test product with incorrect schema requirements",
              "timedOut": false,
              "duration": 1,
              "state": "passed",
              "speed": "fast",
              "pass": true,
              "fail": false,
              "pending": false,
              "context": null,
              "code": "test_product.price = \"109.99\";\nconst result = handleProductErrors(test_product);\nassert.rejects(() => {\n    const result = handleProductErrors(test_product);\n}, (err) => err === result.error.details[0].message)",
              "err": {},
              "uuid": "bf5223ef-44f8-4a73-825b-2ad647312198",
              "parentUUID": "b8c278da-8ff8-46cb-9348-27677dfd9883",
              "isHook": false,
              "skipped": false
            }
          ],
          "suites": [],
          "passes": [
            "8615f6e9-8dce-4e43-9059-52b95f38f5ad",
            "bf5223ef-44f8-4a73-825b-2ad647312198"
          ],
          "failures": [],
          "pending": [],
          "skipped": [],
          "duration": 2,
          "root": false,
          "rootEmpty": false,
          "_timeout": 2000
        },
        {
          "uuid": "914979ea-4ef2-43d3-b260-06341102fbd0",
          "title": "User Model",
          "fullFile": "C:\\Users\\rlond\\Desktop\\Code\\store\\backend\\src\\models\\test\\user-test.js",
          "file": "\\src\\models\\test\\user-test.js",
          "beforeHooks": [],
          "afterHooks": [],
          "tests": [
            {
              "title": "should have a defined model",
              "fullTitle": "User Model should have a defined model",
              "timedOut": false,
              "duration": 0,
              "state": "passed",
              "speed": "fast",
              "pass": true,
              "fail": false,
              "pending": false,
              "context": null,
              "code": "expect(User).to.exist;",
              "err": {},
              "uuid": "15af3a23-272b-4965-9385-e6a8ab588316",
              "parentUUID": "914979ea-4ef2-43d3-b260-06341102fbd0",
              "isHook": false,
              "skipped": false
            }
          ],
          "suites": [],
          "passes": [
            "15af3a23-272b-4965-9385-e6a8ab588316"
          ],
          "failures": [],
          "pending": [],
          "skipped": [],
          "duration": 0,
          "root": false,
          "rootEmpty": false,
          "_timeout": 2000
        },
        {
          "uuid": "b18a25dc-f06b-42fe-9c54-95fe2cedc289",
          "title": "User Schema",
          "fullFile": "C:\\Users\\rlond\\Desktop\\Code\\store\\backend\\src\\models\\test\\user-test.js",
          "file": "\\src\\models\\test\\user-test.js",
          "beforeHooks": [],
          "afterHooks": [],
          "tests": [
            {
              "title": "should be defined",
              "fullTitle": "User Schema should be defined",
              "timedOut": false,
              "duration": 0,
              "state": "passed",
              "speed": "fast",
              "pass": true,
              "fail": false,
              "pending": false,
              "context": null,
              "code": "expect(user_schema).to.exist;",
              "err": {},
              "uuid": "ed9357d0-7c2c-4c0f-82b3-2bd7de37c395",
              "parentUUID": "b18a25dc-f06b-42fe-9c54-95fe2cedc289",
              "isHook": false,
              "skipped": false
            },
            {
              "title": "should have a first name key",
              "fullTitle": "User Schema should have a first name key",
              "timedOut": false,
              "duration": 0,
              "state": "passed",
              "speed": "fast",
              "pass": true,
              "fail": false,
              "pending": false,
              "context": null,
              "code": "expect(user_schema.obj)\n.which.is.an('object')\n.and.has.property('first_name');",
              "err": {},
              "uuid": "b29b5140-ee9d-42a0-8f09-54251f1bde9d",
              "parentUUID": "b18a25dc-f06b-42fe-9c54-95fe2cedc289",
              "isHook": false,
              "skipped": false
            },
            {
              "title": "should have a last name key",
              "fullTitle": "User Schema should have a last name key",
              "timedOut": false,
              "duration": 1,
              "state": "passed",
              "speed": "fast",
              "pass": true,
              "fail": false,
              "pending": false,
              "context": null,
              "code": "expect(user_schema.obj)\n.which.is.an('object')\n.and.has.property('last_name');",
              "err": {},
              "uuid": "d5312b33-7f9c-4881-9b59-5642a93f9c0f",
              "parentUUID": "b18a25dc-f06b-42fe-9c54-95fe2cedc289",
              "isHook": false,
              "skipped": false
            },
            {
              "title": "should have an address key",
              "fullTitle": "User Schema should have an address key",
              "timedOut": false,
              "duration": 0,
              "state": "passed",
              "speed": "fast",
              "pass": true,
              "fail": false,
              "pending": false,
              "context": null,
              "code": "expect(user_schema.obj)\n.which.is.an('object')\n.and.has.property('address');",
              "err": {},
              "uuid": "14c81c8f-c427-4059-9b4e-15107ec4dc79",
              "parentUUID": "b18a25dc-f06b-42fe-9c54-95fe2cedc289",
              "isHook": false,
              "skipped": false
            },
            {
              "title": "should have a city key",
              "fullTitle": "User Schema should have a city key",
              "timedOut": false,
              "duration": 0,
              "state": "passed",
              "speed": "fast",
              "pass": true,
              "fail": false,
              "pending": false,
              "context": null,
              "code": "expect(user_schema.obj)\n.which.is.an('object')\n.and.has.property('city');",
              "err": {},
              "uuid": "d8924204-bbaf-435e-a482-1af7f63a421f",
              "parentUUID": "b18a25dc-f06b-42fe-9c54-95fe2cedc289",
              "isHook": false,
              "skipped": false
            },
            {
              "title": "should have a state key",
              "fullTitle": "User Schema should have a state key",
              "timedOut": false,
              "duration": 0,
              "state": "passed",
              "speed": "fast",
              "pass": true,
              "fail": false,
              "pending": false,
              "context": null,
              "code": "expect(user_schema.obj)\n.which.is.an('object')\n.and.has.property('state');",
              "err": {},
              "uuid": "a92d870c-af0e-41fd-a242-645b8d7cd660",
              "parentUUID": "b18a25dc-f06b-42fe-9c54-95fe2cedc289",
              "isHook": false,
              "skipped": false
            },
            {
              "title": "should have zip code key",
              "fullTitle": "User Schema should have zip code key",
              "timedOut": false,
              "duration": 0,
              "state": "passed",
              "speed": "fast",
              "pass": true,
              "fail": false,
              "pending": false,
              "context": null,
              "code": "expect(user_schema.obj)\n.which.is.an('object')\n.and.has.property('zip');",
              "err": {},
              "uuid": "f1821f91-df7b-4647-9ec8-4c008530033a",
              "parentUUID": "b18a25dc-f06b-42fe-9c54-95fe2cedc289",
              "isHook": false,
              "skipped": false
            },
            {
              "title": "should have a username key",
              "fullTitle": "User Schema should have a username key",
              "timedOut": false,
              "duration": 0,
              "state": "passed",
              "speed": "fast",
              "pass": true,
              "fail": false,
              "pending": false,
              "context": null,
              "code": "expect(user_schema.obj)\n.which.is.an('object')\n.and.has.property('username');",
              "err": {},
              "uuid": "05b13e77-d340-4cea-95b5-6d7d1c320655",
              "parentUUID": "b18a25dc-f06b-42fe-9c54-95fe2cedc289",
              "isHook": false,
              "skipped": false
            },
            {
              "title": "should have an email key",
              "fullTitle": "User Schema should have an email key",
              "timedOut": false,
              "duration": 1,
              "state": "passed",
              "speed": "fast",
              "pass": true,
              "fail": false,
              "pending": false,
              "context": null,
              "code": "expect(user_schema.obj)\n.which.is.an('object')\n.and.has.property('email');",
              "err": {},
              "uuid": "10f15352-f30c-455c-9506-ff459ea1897f",
              "parentUUID": "b18a25dc-f06b-42fe-9c54-95fe2cedc289",
              "isHook": false,
              "skipped": false
            },
            {
              "title": "should have a password key",
              "fullTitle": "User Schema should have a password key",
              "timedOut": false,
              "duration": 0,
              "state": "passed",
              "speed": "fast",
              "pass": true,
              "fail": false,
              "pending": false,
              "context": null,
              "code": "expect(user_schema.obj)\n.which.is.an('object')\n.and.has.property('password');",
              "err": {},
              "uuid": "0944ea23-5816-4acc-8ac9-a4552425bf37",
              "parentUUID": "b18a25dc-f06b-42fe-9c54-95fe2cedc289",
              "isHook": false,
              "skipped": false
            }
          ],
          "suites": [],
          "passes": [
            "ed9357d0-7c2c-4c0f-82b3-2bd7de37c395",
            "b29b5140-ee9d-42a0-8f09-54251f1bde9d",
            "d5312b33-7f9c-4881-9b59-5642a93f9c0f",
            "14c81c8f-c427-4059-9b4e-15107ec4dc79",
            "d8924204-bbaf-435e-a482-1af7f63a421f",
            "a92d870c-af0e-41fd-a242-645b8d7cd660",
            "f1821f91-df7b-4647-9ec8-4c008530033a",
            "05b13e77-d340-4cea-95b5-6d7d1c320655",
            "10f15352-f30c-455c-9506-ff459ea1897f",
            "0944ea23-5816-4acc-8ac9-a4552425bf37"
          ],
          "failures": [],
          "pending": [],
          "skipped": [],
          "duration": 2,
          "root": false,
          "rootEmpty": false,
          "_timeout": 2000
        },
        {
          "uuid": "42688d58-d45d-48c2-8f2a-36f5419b4a10",
          "title": "Test User",
          "fullFile": "C:\\Users\\rlond\\Desktop\\Code\\store\\backend\\src\\models\\test\\user-test.js",
          "file": "\\src\\models\\test\\user-test.js",
          "beforeHooks": [],
          "afterHooks": [],
          "tests": [
            {
              "title": "should have a value for id",
              "fullTitle": "Test User should have a value for id",
              "timedOut": false,
              "duration": 1,
              "state": "passed",
              "speed": "fast",
              "pass": true,
              "fail": false,
              "pending": false,
              "context": null,
              "code": "expect(user)\n.which.is.an('object')\n.and.has.property('_id')\n.and.not.equal('undefined');",
              "err": {},
              "uuid": "3a1710bc-f5c9-40f8-921d-41918529faf8",
              "parentUUID": "42688d58-d45d-48c2-8f2a-36f5419b4a10",
              "isHook": false,
              "skipped": false
            },
            {
              "title": "should have a value first name",
              "fullTitle": "Test User should have a value first name",
              "timedOut": false,
              "duration": 0,
              "state": "passed",
              "speed": "fast",
              "pass": true,
              "fail": false,
              "pending": false,
              "context": null,
              "code": "expect(test_user)\n.which.is.an('object')\n.and.has.property('first_name')\n.and.equal('Ralphie');",
              "err": {},
              "uuid": "e51f7845-6027-4b94-b613-a77b440f3af7",
              "parentUUID": "42688d58-d45d-48c2-8f2a-36f5419b4a10",
              "isHook": false,
              "skipped": false
            },
            {
              "title": "should have a value for last name",
              "fullTitle": "Test User should have a value for last name",
              "timedOut": false,
              "duration": 0,
              "state": "passed",
              "speed": "fast",
              "pass": true,
              "fail": false,
              "pending": false,
              "context": null,
              "code": "expect(test_user)\n.which.is.an('object')\n.and.has.property('last_name')\n.and.equal('London');",
              "err": {},
              "uuid": "6123046e-d716-4d1d-8ac7-af97c991bd1f",
              "parentUUID": "42688d58-d45d-48c2-8f2a-36f5419b4a10",
              "isHook": false,
              "skipped": false
            },
            {
              "title": "should have a value for address",
              "fullTitle": "Test User should have a value for address",
              "timedOut": false,
              "duration": 0,
              "state": "passed",
              "speed": "fast",
              "pass": true,
              "fail": false,
              "pending": false,
              "context": null,
              "code": "expect(test_user)\n.which.is.an('object')\n.and.has.property('address')\n.and.equal('3131 Trap Ave');",
              "err": {},
              "uuid": "4f701024-5790-4144-afc6-638d35af5096",
              "parentUUID": "42688d58-d45d-48c2-8f2a-36f5419b4a10",
              "isHook": false,
              "skipped": false
            },
            {
              "title": "should have a value for city",
              "fullTitle": "Test User should have a value for city",
              "timedOut": false,
              "duration": 0,
              "state": "passed",
              "speed": "fast",
              "pass": true,
              "fail": false,
              "pending": false,
              "context": null,
              "code": "expect(test_user)\n.which.is.an('object')\n.and.has.property('city')\n.and.equal('Atlanta');",
              "err": {},
              "uuid": "51bb81a2-ec96-4e84-a7a9-d0be86021657",
              "parentUUID": "42688d58-d45d-48c2-8f2a-36f5419b4a10",
              "isHook": false,
              "skipped": false
            },
            {
              "title": "should have a value for state",
              "fullTitle": "Test User should have a value for state",
              "timedOut": false,
              "duration": 0,
              "state": "passed",
              "speed": "fast",
              "pass": true,
              "fail": false,
              "pending": false,
              "context": null,
              "code": "expect(test_user)\n.which.is.an('object')\n.and.has.property('state')\n.and.equal('GA');",
              "err": {},
              "uuid": "fe5def26-f65f-4d70-ac38-c3e3e9949623",
              "parentUUID": "42688d58-d45d-48c2-8f2a-36f5419b4a10",
              "isHook": false,
              "skipped": false
            },
            {
              "title": "should have a value zip code",
              "fullTitle": "Test User should have a value zip code",
              "timedOut": false,
              "duration": 0,
              "state": "passed",
              "speed": "fast",
              "pass": true,
              "fail": false,
              "pending": false,
              "context": null,
              "code": "expect(test_user)\n.which.is.an('object')\n.and.has.property('zip')\n.and.equal(30032);",
              "err": {},
              "uuid": "293560b4-b881-4288-b152-2a9daa609d90",
              "parentUUID": "42688d58-d45d-48c2-8f2a-36f5419b4a10",
              "isHook": false,
              "skipped": false
            },
            {
              "title": "should have a value for email",
              "fullTitle": "Test User should have a value for email",
              "timedOut": false,
              "duration": 0,
              "state": "passed",
              "speed": "fast",
              "pass": true,
              "fail": false,
              "pending": false,
              "context": null,
              "code": "expect(test_user)\n.which.is.an('object')\n.and.has.property('email')\n.and.equal('ralphieLondon@store.com');",
              "err": {},
              "uuid": "bce2efc3-fbd4-4af8-9b0d-4dc60f3478d6",
              "parentUUID": "42688d58-d45d-48c2-8f2a-36f5419b4a10",
              "isHook": false,
              "skipped": false
            },
            {
              "title": "should have a value for password",
              "fullTitle": "Test User should have a value for password",
              "timedOut": false,
              "duration": 0,
              "state": "passed",
              "speed": "fast",
              "pass": true,
              "fail": false,
              "pending": false,
              "context": null,
              "code": "expect(test_user)\n.which.is.an('object')\n.and.has.property('password')\n.and.equal('Store1234!');",
              "err": {},
              "uuid": "57e04ad0-7246-4bb4-84a8-28b1e47823e9",
              "parentUUID": "42688d58-d45d-48c2-8f2a-36f5419b4a10",
              "isHook": false,
              "skipped": false
            },
            {
              "title": "should have a value for username",
              "fullTitle": "Test User should have a value for username",
              "timedOut": false,
              "duration": 0,
              "state": "passed",
              "speed": "fast",
              "pass": true,
              "fail": false,
              "pending": false,
              "context": null,
              "code": "expect(test_user)\n.which.is.an('object')\n.and.has.property('username')\n.and.equal('BossDev');",
              "err": {},
              "uuid": "89681de4-3e9b-4e7d-bdad-00db56459512",
              "parentUUID": "42688d58-d45d-48c2-8f2a-36f5419b4a10",
              "isHook": false,
              "skipped": false
            }
          ],
          "suites": [],
          "passes": [
            "3a1710bc-f5c9-40f8-921d-41918529faf8",
            "e51f7845-6027-4b94-b613-a77b440f3af7",
            "6123046e-d716-4d1d-8ac7-af97c991bd1f",
            "4f701024-5790-4144-afc6-638d35af5096",
            "51bb81a2-ec96-4e84-a7a9-d0be86021657",
            "fe5def26-f65f-4d70-ac38-c3e3e9949623",
            "293560b4-b881-4288-b152-2a9daa609d90",
            "bce2efc3-fbd4-4af8-9b0d-4dc60f3478d6",
            "57e04ad0-7246-4bb4-84a8-28b1e47823e9",
            "89681de4-3e9b-4e7d-bdad-00db56459512"
          ],
          "failures": [],
          "pending": [],
          "skipped": [],
          "duration": 1,
          "root": false,
          "rootEmpty": false,
          "_timeout": 2000
        },
        {
          "uuid": "30f504a5-5a9b-4cb3-91d0-c4203147a5a9",
          "title": "Validate User Method",
          "fullFile": "C:\\Users\\rlond\\Desktop\\Code\\store\\backend\\src\\models\\test\\user-test.js",
          "file": "\\src\\models\\test\\user-test.js",
          "beforeHooks": [],
          "afterHooks": [],
          "tests": [
            {
              "title": "should pass test user with correct schema requirements",
              "fullTitle": "Validate User Method should pass test user with correct schema requirements",
              "timedOut": false,
              "duration": 17,
              "state": "passed",
              "speed": "fast",
              "pass": true,
              "fail": false,
              "pending": false,
              "context": null,
              "code": "const result = handleUserErrors(test_user);\nexpect(result.error).to.equal(undefined);",
              "err": {},
              "uuid": "fb61e426-8c2e-41e2-aada-69801e200342",
              "parentUUID": "30f504a5-5a9b-4cb3-91d0-c4203147a5a9",
              "isHook": false,
              "skipped": false
            },
            {
              "title": "should fail a user with incorrect schema requirements",
              "fullTitle": "Validate User Method should fail a user with incorrect schema requirements",
              "timedOut": false,
              "duration": 5,
              "state": "passed",
              "speed": "fast",
              "pass": true,
              "fail": false,
              "pending": false,
              "context": null,
              "code": "test_user.password = \"1\";\nconst result = handleUserErrors(test_user);\nassert.rejects(() => {\n    const result = handleUserErrors(test_user);\n}, (err) => err === result.error.details[0].message)",
              "err": {},
              "uuid": "4fc4a2e4-9e14-419f-8efe-3d4034b7d336",
              "parentUUID": "30f504a5-5a9b-4cb3-91d0-c4203147a5a9",
              "isHook": false,
              "skipped": false
            }
          ],
          "suites": [],
          "passes": [
            "fb61e426-8c2e-41e2-aada-69801e200342",
            "4fc4a2e4-9e14-419f-8efe-3d4034b7d336"
          ],
          "failures": [],
          "pending": [],
          "skipped": [],
          "duration": 22,
          "root": false,
          "rootEmpty": false,
          "_timeout": 2000
        },
        {
          "uuid": "1b8dc86d-b991-4190-9403-03a3bd35eadf",
          "title": "Mongoose",
          "fullFile": "C:\\Users\\rlond\\Desktop\\Code\\store\\backend\\test\\server-test.js",
          "file": "\\test\\server-test.js",
          "beforeHooks": [
            {
              "title": "\"before all\" hook: create connection in \"Mongoose\"",
              "fullTitle": "Mongoose \"before all\" hook: create connection in \"Mongoose\"",
              "timedOut": false,
              "duration": 16,
              "state": null,
              "speed": null,
              "pass": false,
              "fail": false,
              "pending": false,
              "context": null,
              "code": "conn_dev  = await mongoose.createConnection(mongo_test_uri).asPromise();\nconn_test = await mongoose.createConnection(mongo_dev_uri).asPromise();\nassert.rejects(async () => {\n    conn_invalid = await mongoose.createConnection(mongo_invalid_uri).asPromise();\n}, (err) => err === 'Invalid scheme, expected connection string to start with \"mongodb://\" or \"mongodb+srv://\"');\nreturn;",
              "err": {},
              "uuid": "dff5dc52-35c9-4f5a-b87b-8fdfb8c822ea",
              "parentUUID": "1b8dc86d-b991-4190-9403-03a3bd35eadf",
              "isHook": true,
              "skipped": false
            }
          ],
          "afterHooks": [],
          "tests": [
            {
              "title": "shouldnt connect to DB with incorrect prefix",
              "fullTitle": "Mongoose shouldnt connect to DB with incorrect prefix",
              "timedOut": false,
              "duration": 0,
              "state": "passed",
              "speed": "fast",
              "pass": true,
              "fail": false,
              "pending": false,
              "context": null,
              "code": "let conn_invalid = mongoose.createConnection(mongo_invalid_uri);\nconst ready = conn_invalid.readyState;\nassert.equal(ready, 0);\ndone();",
              "err": {},
              "uuid": "05a65f52-42b6-48a0-b957-d6f4ad4c4dca",
              "parentUUID": "1b8dc86d-b991-4190-9403-03a3bd35eadf",
              "isHook": false,
              "skipped": false
            },
            {
              "title": "should connect to Spec Test DB",
              "fullTitle": "Mongoose should connect to Spec Test DB",
              "timedOut": false,
              "duration": 0,
              "state": "passed",
              "speed": "fast",
              "pass": true,
              "fail": false,
              "pending": false,
              "context": null,
              "code": "const ready = conn_test.readyState;\n\nassert.equal(ready, 1);\ndone();",
              "err": {},
              "uuid": "c70b46ff-5494-4876-b679-828ee9d3e980",
              "parentUUID": "1b8dc86d-b991-4190-9403-03a3bd35eadf",
              "isHook": false,
              "skipped": false
            },
            {
              "title": "should connect to Dev DB",
              "fullTitle": "Mongoose should connect to Dev DB",
              "timedOut": false,
              "duration": 0,
              "state": "passed",
              "speed": "fast",
              "pass": true,
              "fail": false,
              "pending": false,
              "context": null,
              "code": "const ready = conn_dev.readyState;\n\nassert.equal(ready, 1);\ndone();",
              "err": {},
              "uuid": "cff85fc7-3582-4244-8c40-87d6e5a18a86",
              "parentUUID": "1b8dc86d-b991-4190-9403-03a3bd35eadf",
              "isHook": false,
              "skipped": false
            }
          ],
          "suites": [],
          "passes": [
            "05a65f52-42b6-48a0-b957-d6f4ad4c4dca",
            "c70b46ff-5494-4876-b679-828ee9d3e980",
            "cff85fc7-3582-4244-8c40-87d6e5a18a86"
          ],
          "failures": [],
          "pending": [],
          "skipped": [],
          "duration": 0,
          "root": false,
          "rootEmpty": false,
          "_timeout": 2000
        },
        {
          "uuid": "a3ae2ca1-0f0c-4459-98fe-1133f76d97ac",
          "title": "Port Definition",
          "fullFile": "C:\\Users\\rlond\\Desktop\\Code\\store\\backend\\test\\server-test.js",
          "file": "\\test\\server-test.js",
          "beforeHooks": [],
          "afterHooks": [],
          "tests": [
            {
              "title": "should be defined",
              "fullTitle": "Port Definition should be defined",
              "timedOut": false,
              "duration": 0,
              "state": "passed",
              "speed": "fast",
              "pass": true,
              "fail": false,
              "pending": false,
              "context": null,
              "code": "expect(port).to.exist;\ndone();",
              "err": {},
              "uuid": "1f4d8490-a93a-499e-8dd2-a3c98d813949",
              "parentUUID": "a3ae2ca1-0f0c-4459-98fe-1133f76d97ac",
              "isHook": false,
              "skipped": false
            }
          ],
          "suites": [],
          "passes": [
            "1f4d8490-a93a-499e-8dd2-a3c98d813949"
          ],
          "failures": [],
          "pending": [],
          "skipped": [],
          "duration": 0,
          "root": false,
          "rootEmpty": false,
          "_timeout": 2000
        },
        {
          "uuid": "1498e31d-c3a4-4517-9c9c-7ce6d35cf269",
          "title": "Express",
          "fullFile": "C:\\Users\\rlond\\Desktop\\Code\\store\\backend\\test\\server-test.js",
          "file": "\\test\\server-test.js",
          "beforeHooks": [
            {
              "title": "\"before all\" hook in \"Express\"",
              "fullTitle": "Express \"before all\" hook in \"Express\"",
              "timedOut": false,
              "duration": 3,
              "state": null,
              "speed": null,
              "pass": false,
              "fail": false,
              "pending": false,
              "context": null,
              "code": "server.close();\nserver.listen(port, () => {\n    console.log(`spec test server should open on port ${port}`);\n    done();\n});",
              "err": {},
              "uuid": "ca87fad0-f40f-4504-9184-1f1218e67703",
              "parentUUID": "1498e31d-c3a4-4517-9c9c-7ce6d35cf269",
              "isHook": true,
              "skipped": false
            }
          ],
          "afterHooks": [
            {
              "title": "\"after all\" hook in \"Express\"",
              "fullTitle": "Express \"after all\" hook in \"Express\"",
              "timedOut": false,
              "duration": 1,
              "state": null,
              "speed": null,
              "pass": false,
              "fail": false,
              "pending": false,
              "context": null,
              "code": "server.close();\nconsole.log(`spec test server should close on port ${port}`);",
              "err": {},
              "uuid": "986ea8b9-0e7e-4db9-994a-70e2a28d3dd8",
              "parentUUID": "1498e31d-c3a4-4517-9c9c-7ce6d35cf269",
              "isHook": true,
              "skipped": false
            }
          ],
          "tests": [
            {
              "title": "spec test server should connect with status 200",
              "fullTitle": "Express spec test server should connect with status 200",
              "timedOut": false,
              "duration": 17,
              "state": "passed",
              "speed": "fast",
              "pass": true,
              "fail": false,
              "pending": false,
              "context": null,
              "code": "return await request.get('/', (req, res) => {\n    expect(res.status).to.equal(200);\n});",
              "err": {},
              "uuid": "a06dbe8b-6979-48c6-9967-754b72aee573",
              "parentUUID": "1498e31d-c3a4-4517-9c9c-7ce6d35cf269",
              "isHook": false,
              "skipped": false
            }
          ],
          "suites": [],
          "passes": [
            "a06dbe8b-6979-48c6-9967-754b72aee573"
          ],
          "failures": [],
          "pending": [],
          "skipped": [],
          "duration": 17,
          "root": false,
          "rootEmpty": false,
          "_timeout": 2000
        }
      ],
      "passes": [],
      "failures": [],
      "pending": [],
      "skipped": [],
      "duration": 0,
      "root": true,
      "rootEmpty": true,
      "_timeout": 2000
    }
  ],
  "meta": {
    "mocha": {
      "version": "10.2.0"
    },
    "mochawesome": {
      "options": {
        "quiet": false,
        "reportFilename": "mochawesome",
        "saveHtml": true,
        "saveJson": true,
        "consoleReporter": "spec",
        "useInlineDiffs": false,
        "code": true
      },
      "version": "7.1.3"
    },
    "marge": {
      "options": null,
      "version": "6.2.0"
    }
  }
}