{
  "stats": {
    "suites": 13,
    "tests": 42,
    "passes": 42,
    "pending": 0,
    "failures": 0,
    "start": "2023-03-29T06:28:32.017Z",
    "end": "2023-03-29T06:28:32.239Z",
    "duration": 222,
    "testsRegistered": 42,
    "passPercent": 100,
    "pendingPercent": 0,
    "other": 0,
    "hasOther": false,
    "skipped": 0,
    "hasSkipped": false
  },
  "results": [
    {
      "uuid": "23a74b2c-96c9-4b4f-bcb8-6e2dbc123a72",
      "title": "",
      "fullFile": "",
      "file": "",
      "beforeHooks": [],
      "afterHooks": [],
      "tests": [],
      "suites": [
        {
          "uuid": "f96a7ea0-2841-47d7-b88a-a45c4fe63d15",
          "title": "Order",
          "fullFile": "C:\\Users\\rlond\\Desktop\\Code\\store\\backend\\src\\models\\test\\order-test.js",
          "file": "\\src\\models\\test\\order-test.js",
          "beforeHooks": [],
          "afterHooks": [],
          "tests": [
            {
              "title": "should have model",
              "fullTitle": "Order should have model",
              "timedOut": false,
              "duration": 0,
              "state": "passed",
              "speed": "fast",
              "pass": true,
              "fail": false,
              "pending": false,
              "context": null,
              "code": "expect(Order).to.exist;",
              "err": {},
              "uuid": "e92d13d7-e0e5-4d9b-8b8d-457069545ea7",
              "parentUUID": "f96a7ea0-2841-47d7-b88a-a45c4fe63d15",
              "isHook": false,
              "skipped": false
            }
          ],
          "suites": [],
          "passes": [
            "e92d13d7-e0e5-4d9b-8b8d-457069545ea7"
          ],
          "failures": [],
          "pending": [],
          "skipped": [],
          "duration": 0,
          "root": false,
          "rootEmpty": false,
          "_timeout": 2000
        },
        {
          "uuid": "1a4f24e7-707d-4143-b1d5-a23d06d9c170",
          "title": "Order Schema",
          "fullFile": "C:\\Users\\rlond\\Desktop\\Code\\store\\backend\\src\\models\\test\\order-test.js",
          "file": "\\src\\models\\test\\order-test.js",
          "beforeHooks": [],
          "afterHooks": [],
          "tests": [
            {
              "title": "should be defined",
              "fullTitle": "Order Schema should be defined",
              "timedOut": false,
              "duration": 0,
              "state": "passed",
              "speed": "fast",
              "pass": true,
              "fail": false,
              "pending": false,
              "context": null,
              "code": "expect(order_schema).to.exist;",
              "err": {},
              "uuid": "99de8931-68c4-478e-8c81-d525ee7adabf",
              "parentUUID": "1a4f24e7-707d-4143-b1d5-a23d06d9c170",
              "isHook": false,
              "skipped": false
            },
            {
              "title": "should have a user id key",
              "fullTitle": "Order Schema should have a user id key",
              "timedOut": false,
              "duration": 2,
              "state": "passed",
              "speed": "fast",
              "pass": true,
              "fail": false,
              "pending": false,
              "context": null,
              "code": "expect(order_schema.obj)\n.which.is.an('object')\n.and.has.property('user_id')",
              "err": {},
              "uuid": "411c2115-b68d-4fe5-ad94-f8e5ac7a74ef",
              "parentUUID": "1a4f24e7-707d-4143-b1d5-a23d06d9c170",
              "isHook": false,
              "skipped": false
            },
            {
              "title": "should have an order status key",
              "fullTitle": "Order Schema should have an order status key",
              "timedOut": false,
              "duration": 1,
              "state": "passed",
              "speed": "fast",
              "pass": true,
              "fail": false,
              "pending": false,
              "context": null,
              "code": "expect(order_schema.obj)\n.which.is.an('object')\n.and.has.property('order_status')",
              "err": {},
              "uuid": "9eafbbee-3fb8-49a3-a835-fd74eda79554",
              "parentUUID": "1a4f24e7-707d-4143-b1d5-a23d06d9c170",
              "isHook": false,
              "skipped": false
            }
          ],
          "suites": [],
          "passes": [
            "99de8931-68c4-478e-8c81-d525ee7adabf",
            "411c2115-b68d-4fe5-ad94-f8e5ac7a74ef",
            "9eafbbee-3fb8-49a3-a835-fd74eda79554"
          ],
          "failures": [],
          "pending": [],
          "skipped": [],
          "duration": 3,
          "root": false,
          "rootEmpty": false,
          "_timeout": 2000
        },
        {
          "uuid": "86f12de5-a81a-43f0-aec6-59e4e9627c23",
          "title": "Product Ordered",
          "fullFile": "C:\\Users\\rlond\\Desktop\\Code\\store\\backend\\src\\models\\test\\product_ordered-test.js",
          "file": "\\src\\models\\test\\product_ordered-test.js",
          "beforeHooks": [],
          "afterHooks": [],
          "tests": [
            {
              "title": "should have a model",
              "fullTitle": "Product Ordered should have a model",
              "timedOut": false,
              "duration": 0,
              "state": "passed",
              "speed": "fast",
              "pass": true,
              "fail": false,
              "pending": false,
              "context": null,
              "code": "expect(Product_Ordered).to.exist;",
              "err": {},
              "uuid": "9bc2c8f8-7c7c-488a-998a-c76659f40a9d",
              "parentUUID": "86f12de5-a81a-43f0-aec6-59e4e9627c23",
              "isHook": false,
              "skipped": false
            }
          ],
          "suites": [],
          "passes": [
            "9bc2c8f8-7c7c-488a-998a-c76659f40a9d"
          ],
          "failures": [],
          "pending": [],
          "skipped": [],
          "duration": 0,
          "root": false,
          "rootEmpty": false,
          "_timeout": 2000
        },
        {
          "uuid": "05034c26-f6ec-4f71-bc45-74626dcef255",
          "title": "Product Ordered Schema",
          "fullFile": "C:\\Users\\rlond\\Desktop\\Code\\store\\backend\\src\\models\\test\\product_ordered-test.js",
          "file": "\\src\\models\\test\\product_ordered-test.js",
          "beforeHooks": [],
          "afterHooks": [],
          "tests": [
            {
              "title": "should be defined",
              "fullTitle": "Product Ordered Schema should be defined",
              "timedOut": false,
              "duration": 0,
              "state": "passed",
              "speed": "fast",
              "pass": true,
              "fail": false,
              "pending": false,
              "context": null,
              "code": "expect(product_ordered_schema).to.exist;",
              "err": {},
              "uuid": "268f8b03-339e-4380-9302-6cbe1f6c2f7a",
              "parentUUID": "05034c26-f6ec-4f71-bc45-74626dcef255",
              "isHook": false,
              "skipped": false
            },
            {
              "title": "should have a quantity key",
              "fullTitle": "Product Ordered Schema should have a quantity key",
              "timedOut": false,
              "duration": 0,
              "state": "passed",
              "speed": "fast",
              "pass": true,
              "fail": false,
              "pending": false,
              "context": null,
              "code": "expect(product_ordered_schema.obj)\n.which.is.an('object')\n.and.has.property('quantity');",
              "err": {},
              "uuid": "abec7217-0597-4ad5-b6af-c31d432fdd41",
              "parentUUID": "05034c26-f6ec-4f71-bc45-74626dcef255",
              "isHook": false,
              "skipped": false
            },
            {
              "title": "should have a product id key",
              "fullTitle": "Product Ordered Schema should have a product id key",
              "timedOut": false,
              "duration": 0,
              "state": "passed",
              "speed": "fast",
              "pass": true,
              "fail": false,
              "pending": false,
              "context": null,
              "code": "expect(product_ordered_schema.obj)\n.which.is.an('object')\n.and.has.property('product_id');",
              "err": {},
              "uuid": "4afda30d-f57a-40a6-95a3-693acd83c1ea",
              "parentUUID": "05034c26-f6ec-4f71-bc45-74626dcef255",
              "isHook": false,
              "skipped": false
            },
            {
              "title": "should have an order id key",
              "fullTitle": "Product Ordered Schema should have an order id key",
              "timedOut": false,
              "duration": 1,
              "state": "passed",
              "speed": "fast",
              "pass": true,
              "fail": false,
              "pending": false,
              "context": null,
              "code": "expect(product_ordered_schema.obj)\n.which.is.an('object')\n.and.has.property('order_id');",
              "err": {},
              "uuid": "d187a78b-6e6f-40e7-aa3f-1835f789de18",
              "parentUUID": "05034c26-f6ec-4f71-bc45-74626dcef255",
              "isHook": false,
              "skipped": false
            }
          ],
          "suites": [],
          "passes": [
            "268f8b03-339e-4380-9302-6cbe1f6c2f7a",
            "abec7217-0597-4ad5-b6af-c31d432fdd41",
            "4afda30d-f57a-40a6-95a3-693acd83c1ea",
            "d187a78b-6e6f-40e7-aa3f-1835f789de18"
          ],
          "failures": [],
          "pending": [],
          "skipped": [],
          "duration": 1,
          "root": false,
          "rootEmpty": false,
          "_timeout": 2000
        },
        {
          "uuid": "87420ade-dbc2-4abd-8547-26b6f9e68214",
          "title": "Product Model",
          "fullFile": "C:\\Users\\rlond\\Desktop\\Code\\store\\backend\\src\\models\\test\\product-test.js",
          "file": "\\src\\models\\test\\product-test.js",
          "beforeHooks": [],
          "afterHooks": [],
          "tests": [
            {
              "title": "should have a product model",
              "fullTitle": "Product Model should have a product model",
              "timedOut": false,
              "duration": 0,
              "state": "passed",
              "speed": "fast",
              "pass": true,
              "fail": false,
              "pending": false,
              "context": null,
              "code": "expect(Product).to.exist;",
              "err": {},
              "uuid": "c6de3f6b-f0b8-420e-9d5a-ee41932c8ea7",
              "parentUUID": "87420ade-dbc2-4abd-8547-26b6f9e68214",
              "isHook": false,
              "skipped": false
            }
          ],
          "suites": [],
          "passes": [
            "c6de3f6b-f0b8-420e-9d5a-ee41932c8ea7"
          ],
          "failures": [],
          "pending": [],
          "skipped": [],
          "duration": 0,
          "root": false,
          "rootEmpty": false,
          "_timeout": 2000
        },
        {
          "uuid": "6839ae7a-3f31-43ba-94e6-8ee1e4514ca9",
          "title": "Product Schema",
          "fullFile": "C:\\Users\\rlond\\Desktop\\Code\\store\\backend\\src\\models\\test\\product-test.js",
          "file": "\\src\\models\\test\\product-test.js",
          "beforeHooks": [],
          "afterHooks": [],
          "tests": [
            {
              "title": "should be defined",
              "fullTitle": "Product Schema should be defined",
              "timedOut": false,
              "duration": 0,
              "state": "passed",
              "speed": "fast",
              "pass": true,
              "fail": false,
              "pending": false,
              "context": null,
              "code": "expect(product_schema).to.exist;;",
              "err": {},
              "uuid": "bc9f8e48-d12a-45fe-a86b-0504d7ce7b40",
              "parentUUID": "6839ae7a-3f31-43ba-94e6-8ee1e4514ca9",
              "isHook": false,
              "skipped": false
            },
            {
              "title": "should have a title key",
              "fullTitle": "Product Schema should have a title key",
              "timedOut": false,
              "duration": 0,
              "state": "passed",
              "speed": "fast",
              "pass": true,
              "fail": false,
              "pending": false,
              "context": null,
              "code": "expect(product_schema.obj)\n.which.is.an('object')\n.and.has.property('title');",
              "err": {},
              "uuid": "6d45babb-abb5-4f59-9520-e37d9192a6e0",
              "parentUUID": "6839ae7a-3f31-43ba-94e6-8ee1e4514ca9",
              "isHook": false,
              "skipped": false
            },
            {
              "title": "should have a description key",
              "fullTitle": "Product Schema should have a description key",
              "timedOut": false,
              "duration": 0,
              "state": "passed",
              "speed": "fast",
              "pass": true,
              "fail": false,
              "pending": false,
              "context": null,
              "code": "expect(product_schema.obj)\n.which.is.an('object')\n.and.has.property('description');",
              "err": {},
              "uuid": "95f009a5-247f-46e5-b337-59b7c88eeaec",
              "parentUUID": "6839ae7a-3f31-43ba-94e6-8ee1e4514ca9",
              "isHook": false,
              "skipped": false
            },
            {
              "title": "should have a price key",
              "fullTitle": "Product Schema should have a price key",
              "timedOut": false,
              "duration": 0,
              "state": "passed",
              "speed": "fast",
              "pass": true,
              "fail": false,
              "pending": false,
              "context": null,
              "code": "expect(product_schema.obj)\n.which.is.an('object')\n.and.has.property('price');",
              "err": {},
              "uuid": "52e1d6fc-036d-4575-9e0d-89d824915bf5",
              "parentUUID": "6839ae7a-3f31-43ba-94e6-8ee1e4514ca9",
              "isHook": false,
              "skipped": false
            }
          ],
          "suites": [],
          "passes": [
            "bc9f8e48-d12a-45fe-a86b-0504d7ce7b40",
            "6d45babb-abb5-4f59-9520-e37d9192a6e0",
            "95f009a5-247f-46e5-b337-59b7c88eeaec",
            "52e1d6fc-036d-4575-9e0d-89d824915bf5"
          ],
          "failures": [],
          "pending": [],
          "skipped": [],
          "duration": 0,
          "root": false,
          "rootEmpty": false,
          "_timeout": 2000
        },
        {
          "uuid": "e13fd807-20ce-4e83-8a91-5538a14936dd",
          "title": "User",
          "fullFile": "C:\\Users\\rlond\\Desktop\\Code\\store\\backend\\src\\models\\test\\user-test.js",
          "file": "\\src\\models\\test\\user-test.js",
          "beforeHooks": [],
          "afterHooks": [],
          "tests": [
            {
              "title": "should have model",
              "fullTitle": "User should have model",
              "timedOut": false,
              "duration": 0,
              "state": "passed",
              "speed": "fast",
              "pass": true,
              "fail": false,
              "pending": false,
              "context": null,
              "code": "expect(User).to.exist;",
              "err": {},
              "uuid": "282c7466-47c9-4f5f-b77c-faa5212ba9c2",
              "parentUUID": "e13fd807-20ce-4e83-8a91-5538a14936dd",
              "isHook": false,
              "skipped": false
            }
          ],
          "suites": [],
          "passes": [
            "282c7466-47c9-4f5f-b77c-faa5212ba9c2"
          ],
          "failures": [],
          "pending": [],
          "skipped": [],
          "duration": 0,
          "root": false,
          "rootEmpty": false,
          "_timeout": 2000
        },
        {
          "uuid": "0d1de991-b47a-4271-a95f-ba68c88e8682",
          "title": "User Schema",
          "fullFile": "C:\\Users\\rlond\\Desktop\\Code\\store\\backend\\src\\models\\test\\user-test.js",
          "file": "\\src\\models\\test\\user-test.js",
          "beforeHooks": [],
          "afterHooks": [],
          "tests": [
            {
              "title": "should be defined",
              "fullTitle": "User Schema should be defined",
              "timedOut": false,
              "duration": 0,
              "state": "passed",
              "speed": "fast",
              "pass": true,
              "fail": false,
              "pending": false,
              "context": null,
              "code": "expect(user_schema).to.exist;",
              "err": {},
              "uuid": "a07aadc2-6879-416d-a241-502a68d4198c",
              "parentUUID": "0d1de991-b47a-4271-a95f-ba68c88e8682",
              "isHook": false,
              "skipped": false
            },
            {
              "title": "should have a first name key",
              "fullTitle": "User Schema should have a first name key",
              "timedOut": false,
              "duration": 0,
              "state": "passed",
              "speed": "fast",
              "pass": true,
              "fail": false,
              "pending": false,
              "context": null,
              "code": "expect(user_schema.obj)\n.which.is.an('object')\n.and.has.property('first_name');",
              "err": {},
              "uuid": "1870b7b9-a73c-4028-b6f8-62fb7e62c879",
              "parentUUID": "0d1de991-b47a-4271-a95f-ba68c88e8682",
              "isHook": false,
              "skipped": false
            },
            {
              "title": "should have a last name key",
              "fullTitle": "User Schema should have a last name key",
              "timedOut": false,
              "duration": 1,
              "state": "passed",
              "speed": "fast",
              "pass": true,
              "fail": false,
              "pending": false,
              "context": null,
              "code": "expect(user_schema.obj)\n.which.is.an('object')\n.and.has.property('last_name');",
              "err": {},
              "uuid": "44f73f5c-5739-47ca-8c06-32519a9af1f9",
              "parentUUID": "0d1de991-b47a-4271-a95f-ba68c88e8682",
              "isHook": false,
              "skipped": false
            },
            {
              "title": "should have an address key",
              "fullTitle": "User Schema should have an address key",
              "timedOut": false,
              "duration": 1,
              "state": "passed",
              "speed": "fast",
              "pass": true,
              "fail": false,
              "pending": false,
              "context": null,
              "code": "expect(user_schema.obj)\n.which.is.an('object')\n.and.has.property('address');",
              "err": {},
              "uuid": "19e03c38-08cc-4a5d-9a41-c4331d14aca2",
              "parentUUID": "0d1de991-b47a-4271-a95f-ba68c88e8682",
              "isHook": false,
              "skipped": false
            },
            {
              "title": "should have a city key",
              "fullTitle": "User Schema should have a city key",
              "timedOut": false,
              "duration": 1,
              "state": "passed",
              "speed": "fast",
              "pass": true,
              "fail": false,
              "pending": false,
              "context": null,
              "code": "expect(user_schema.obj)\n.which.is.an('object')\n.and.has.property('city');",
              "err": {},
              "uuid": "ac568408-6300-436d-a4fb-cdd43ae6bb67",
              "parentUUID": "0d1de991-b47a-4271-a95f-ba68c88e8682",
              "isHook": false,
              "skipped": false
            },
            {
              "title": "should have a state key",
              "fullTitle": "User Schema should have a state key",
              "timedOut": false,
              "duration": 0,
              "state": "passed",
              "speed": "fast",
              "pass": true,
              "fail": false,
              "pending": false,
              "context": null,
              "code": "expect(user_schema.obj)\n.which.is.an('object')\n.and.has.property('state');",
              "err": {},
              "uuid": "f986fd95-d1dc-4e1e-9cf7-34c778519496",
              "parentUUID": "0d1de991-b47a-4271-a95f-ba68c88e8682",
              "isHook": false,
              "skipped": false
            },
            {
              "title": "should have zip code key",
              "fullTitle": "User Schema should have zip code key",
              "timedOut": false,
              "duration": 0,
              "state": "passed",
              "speed": "fast",
              "pass": true,
              "fail": false,
              "pending": false,
              "context": null,
              "code": "expect(user_schema.obj)\n.which.is.an('object')\n.and.has.property('zip');",
              "err": {},
              "uuid": "d1230898-3e99-4a9e-8501-49ba984fc362",
              "parentUUID": "0d1de991-b47a-4271-a95f-ba68c88e8682",
              "isHook": false,
              "skipped": false
            },
            {
              "title": "should have a username key",
              "fullTitle": "User Schema should have a username key",
              "timedOut": false,
              "duration": 0,
              "state": "passed",
              "speed": "fast",
              "pass": true,
              "fail": false,
              "pending": false,
              "context": null,
              "code": "expect(user_schema.obj)\n.which.is.an('object')\n.and.has.property('username');",
              "err": {},
              "uuid": "f3fe1e3f-fa82-41e3-a9bc-299717394f8d",
              "parentUUID": "0d1de991-b47a-4271-a95f-ba68c88e8682",
              "isHook": false,
              "skipped": false
            },
            {
              "title": "should have an email key",
              "fullTitle": "User Schema should have an email key",
              "timedOut": false,
              "duration": 1,
              "state": "passed",
              "speed": "fast",
              "pass": true,
              "fail": false,
              "pending": false,
              "context": null,
              "code": "expect(user_schema.obj)\n.which.is.an('object')\n.and.has.property('email');",
              "err": {},
              "uuid": "8b9ae079-2f69-437e-a386-e005526dfa29",
              "parentUUID": "0d1de991-b47a-4271-a95f-ba68c88e8682",
              "isHook": false,
              "skipped": false
            },
            {
              "title": "should have a password key",
              "fullTitle": "User Schema should have a password key",
              "timedOut": false,
              "duration": 0,
              "state": "passed",
              "speed": "fast",
              "pass": true,
              "fail": false,
              "pending": false,
              "context": null,
              "code": "expect(user_schema.obj)\n.which.is.an('object')\n.and.has.property('password');",
              "err": {},
              "uuid": "03ab5a0b-8c83-428b-a3d5-f4d761271e54",
              "parentUUID": "0d1de991-b47a-4271-a95f-ba68c88e8682",
              "isHook": false,
              "skipped": false
            }
          ],
          "suites": [],
          "passes": [
            "a07aadc2-6879-416d-a241-502a68d4198c",
            "1870b7b9-a73c-4028-b6f8-62fb7e62c879",
            "44f73f5c-5739-47ca-8c06-32519a9af1f9",
            "19e03c38-08cc-4a5d-9a41-c4331d14aca2",
            "ac568408-6300-436d-a4fb-cdd43ae6bb67",
            "f986fd95-d1dc-4e1e-9cf7-34c778519496",
            "d1230898-3e99-4a9e-8501-49ba984fc362",
            "f3fe1e3f-fa82-41e3-a9bc-299717394f8d",
            "8b9ae079-2f69-437e-a386-e005526dfa29",
            "03ab5a0b-8c83-428b-a3d5-f4d761271e54"
          ],
          "failures": [],
          "pending": [],
          "skipped": [],
          "duration": 4,
          "root": false,
          "rootEmpty": false,
          "_timeout": 2000
        },
        {
          "uuid": "a4e2fb5d-c286-4e84-aa44-31d06ba88649",
          "title": "Test User",
          "fullFile": "C:\\Users\\rlond\\Desktop\\Code\\store\\backend\\src\\models\\test\\user-test.js",
          "file": "\\src\\models\\test\\user-test.js",
          "beforeHooks": [],
          "afterHooks": [],
          "tests": [
            {
              "title": "should have an id",
              "fullTitle": "Test User should have an id",
              "timedOut": false,
              "duration": 1,
              "state": "passed",
              "speed": "fast",
              "pass": true,
              "fail": false,
              "pending": false,
              "context": null,
              "code": "expect(user)\n.which.is.an('object')\n.and.has.property('_id')\n.and.not.equal('undefined');",
              "err": {},
              "uuid": "80dbf189-c992-45e0-9939-a11f3ef2947d",
              "parentUUID": "a4e2fb5d-c286-4e84-aa44-31d06ba88649",
              "isHook": false,
              "skipped": false
            },
            {
              "title": "should have a first name",
              "fullTitle": "Test User should have a first name",
              "timedOut": false,
              "duration": 0,
              "state": "passed",
              "speed": "fast",
              "pass": true,
              "fail": false,
              "pending": false,
              "context": null,
              "code": "expect(test_user)\n.which.is.an('object')\n.and.has.property('first_name')\n.and.equal('Ralphie');",
              "err": {},
              "uuid": "787fa5ee-7e08-4faf-901c-898fd72b61f1",
              "parentUUID": "a4e2fb5d-c286-4e84-aa44-31d06ba88649",
              "isHook": false,
              "skipped": false
            },
            {
              "title": "should have a last name",
              "fullTitle": "Test User should have a last name",
              "timedOut": false,
              "duration": 0,
              "state": "passed",
              "speed": "fast",
              "pass": true,
              "fail": false,
              "pending": false,
              "context": null,
              "code": "expect(test_user)\n.which.is.an('object')\n.and.has.property('last_name')\n.and.equal('London');",
              "err": {},
              "uuid": "c86b54e3-adf6-45a7-b0fa-2b71b4ce572e",
              "parentUUID": "a4e2fb5d-c286-4e84-aa44-31d06ba88649",
              "isHook": false,
              "skipped": false
            },
            {
              "title": "should have an address",
              "fullTitle": "Test User should have an address",
              "timedOut": false,
              "duration": 0,
              "state": "passed",
              "speed": "fast",
              "pass": true,
              "fail": false,
              "pending": false,
              "context": null,
              "code": "expect(test_user)\n.which.is.an('object')\n.and.has.property('address')\n.and.equal('3131 Trap Ave');",
              "err": {},
              "uuid": "0d1d24a5-8acf-47ed-beb4-341f32c83348",
              "parentUUID": "a4e2fb5d-c286-4e84-aa44-31d06ba88649",
              "isHook": false,
              "skipped": false
            },
            {
              "title": "should have a city",
              "fullTitle": "Test User should have a city",
              "timedOut": false,
              "duration": 0,
              "state": "passed",
              "speed": "fast",
              "pass": true,
              "fail": false,
              "pending": false,
              "context": null,
              "code": "expect(test_user)\n.which.is.an('object')\n.and.has.property('city')\n.and.equal('Atlanta');",
              "err": {},
              "uuid": "7e91a5ae-adac-4981-9d4b-5f4560db9138",
              "parentUUID": "a4e2fb5d-c286-4e84-aa44-31d06ba88649",
              "isHook": false,
              "skipped": false
            },
            {
              "title": "should have a state",
              "fullTitle": "Test User should have a state",
              "timedOut": false,
              "duration": 0,
              "state": "passed",
              "speed": "fast",
              "pass": true,
              "fail": false,
              "pending": false,
              "context": null,
              "code": "expect(test_user)\n.which.is.an('object')\n.and.has.property('state')\n.and.equal('GA');",
              "err": {},
              "uuid": "6eea2197-189d-42c8-86a1-e2dae2f3a426",
              "parentUUID": "a4e2fb5d-c286-4e84-aa44-31d06ba88649",
              "isHook": false,
              "skipped": false
            },
            {
              "title": "should have a zip code",
              "fullTitle": "Test User should have a zip code",
              "timedOut": false,
              "duration": 0,
              "state": "passed",
              "speed": "fast",
              "pass": true,
              "fail": false,
              "pending": false,
              "context": null,
              "code": "expect(test_user)\n.which.is.an('object')\n.and.has.property('zip')\n.and.equal(30032);",
              "err": {},
              "uuid": "5e361f21-54d4-41bf-b472-7a0cf21d44ef",
              "parentUUID": "a4e2fb5d-c286-4e84-aa44-31d06ba88649",
              "isHook": false,
              "skipped": false
            },
            {
              "title": "should have an email",
              "fullTitle": "Test User should have an email",
              "timedOut": false,
              "duration": 0,
              "state": "passed",
              "speed": "fast",
              "pass": true,
              "fail": false,
              "pending": false,
              "context": null,
              "code": "expect(test_user)\n.which.is.an('object')\n.and.has.property('email')\n.and.equal('ralphieLondon@store.com');",
              "err": {},
              "uuid": "df2ba726-dd58-426c-b575-8013f2a196c0",
              "parentUUID": "a4e2fb5d-c286-4e84-aa44-31d06ba88649",
              "isHook": false,
              "skipped": false
            },
            {
              "title": "should have a password",
              "fullTitle": "Test User should have a password",
              "timedOut": false,
              "duration": 0,
              "state": "passed",
              "speed": "fast",
              "pass": true,
              "fail": false,
              "pending": false,
              "context": null,
              "code": "expect(test_user)\n.which.is.an('object')\n.and.has.property('password')\n.and.equal('Store1234!');",
              "err": {},
              "uuid": "09ace009-b368-48a9-83fc-a4661eefe93e",
              "parentUUID": "a4e2fb5d-c286-4e84-aa44-31d06ba88649",
              "isHook": false,
              "skipped": false
            },
            {
              "title": "should have a username",
              "fullTitle": "Test User should have a username",
              "timedOut": false,
              "duration": 0,
              "state": "passed",
              "speed": "fast",
              "pass": true,
              "fail": false,
              "pending": false,
              "context": null,
              "code": "expect(test_user)\n.which.is.an('object')\n.and.has.property('username')\n.and.equal('BossDev');",
              "err": {},
              "uuid": "ab6d055b-7b75-4088-9119-5fb854ed5396",
              "parentUUID": "a4e2fb5d-c286-4e84-aa44-31d06ba88649",
              "isHook": false,
              "skipped": false
            }
          ],
          "suites": [],
          "passes": [
            "80dbf189-c992-45e0-9939-a11f3ef2947d",
            "787fa5ee-7e08-4faf-901c-898fd72b61f1",
            "c86b54e3-adf6-45a7-b0fa-2b71b4ce572e",
            "0d1d24a5-8acf-47ed-beb4-341f32c83348",
            "7e91a5ae-adac-4981-9d4b-5f4560db9138",
            "6eea2197-189d-42c8-86a1-e2dae2f3a426",
            "5e361f21-54d4-41bf-b472-7a0cf21d44ef",
            "df2ba726-dd58-426c-b575-8013f2a196c0",
            "09ace009-b368-48a9-83fc-a4661eefe93e",
            "ab6d055b-7b75-4088-9119-5fb854ed5396"
          ],
          "failures": [],
          "pending": [],
          "skipped": [],
          "duration": 1,
          "root": false,
          "rootEmpty": false,
          "_timeout": 2000
        },
        {
          "uuid": "0d1e1b9a-a041-4dcf-88bf-4f6c8f612ac2",
          "title": "Validate User Method",
          "fullFile": "C:\\Users\\rlond\\Desktop\\Code\\store\\backend\\src\\models\\test\\user-test.js",
          "file": "\\src\\models\\test\\user-test.js",
          "beforeHooks": [],
          "afterHooks": [],
          "tests": [
            {
              "title": "should pass test user with correct schema requirements",
              "fullTitle": "Validate User Method should pass test user with correct schema requirements",
              "timedOut": false,
              "duration": 36,
              "state": "passed",
              "speed": "fast",
              "pass": true,
              "fail": false,
              "pending": false,
              "context": null,
              "code": "const result = handleUserErrors(test_user);\nexpect(result.error).to.equal(undefined);",
              "err": {},
              "uuid": "2c2222bf-3dfb-45f0-b698-33542ebe00fd",
              "parentUUID": "0d1e1b9a-a041-4dcf-88bf-4f6c8f612ac2",
              "isHook": false,
              "skipped": false
            },
            {
              "title": "should fail with incorrect schema requirements",
              "fullTitle": "Validate User Method should fail with incorrect schema requirements",
              "timedOut": false,
              "duration": 9,
              "state": "passed",
              "speed": "fast",
              "pass": true,
              "fail": false,
              "pending": false,
              "context": null,
              "code": "test_user.password = \"1\";\nconst result = handleUserErrors(test_user);\nassert.rejects(() => {\n    const result = handleUserErrors(test_user);\n}, (err) => err === result.error.details[0].message)",
              "err": {},
              "uuid": "86db62e1-865e-46bc-97a9-9f6deb723b03",
              "parentUUID": "0d1e1b9a-a041-4dcf-88bf-4f6c8f612ac2",
              "isHook": false,
              "skipped": false
            }
          ],
          "suites": [],
          "passes": [
            "2c2222bf-3dfb-45f0-b698-33542ebe00fd",
            "86db62e1-865e-46bc-97a9-9f6deb723b03"
          ],
          "failures": [],
          "pending": [],
          "skipped": [],
          "duration": 45,
          "root": false,
          "rootEmpty": false,
          "_timeout": 2000
        },
        {
          "uuid": "84a93802-ff7b-4923-bf1e-503930584f67",
          "title": "Mongoose",
          "fullFile": "C:\\Users\\rlond\\Desktop\\Code\\store\\backend\\test\\server-test.js",
          "file": "\\test\\server-test.js",
          "beforeHooks": [
            {
              "title": "\"before all\" hook: create connection in \"Mongoose\"",
              "fullTitle": "Mongoose \"before all\" hook: create connection in \"Mongoose\"",
              "timedOut": false,
              "duration": 15,
              "state": null,
              "speed": null,
              "pass": false,
              "fail": false,
              "pending": false,
              "context": null,
              "code": "conn_dev  = await mongoose.createConnection(mongo_test_uri).asPromise();\nconn_test = await mongoose.createConnection(mongo_dev_uri).asPromise();\nassert.rejects(async () => {\n    conn_invalid = await mongoose.createConnection(mongo_invalid_uri).asPromise();\n}, (err) => err === 'Invalid scheme, expected connection string to start with \"mongodb://\" or \"mongodb+srv://\"');\nreturn;",
              "err": {},
              "uuid": "b3d1aa7e-bf77-4afe-b07c-3adc609960bd",
              "parentUUID": "84a93802-ff7b-4923-bf1e-503930584f67",
              "isHook": true,
              "skipped": false
            }
          ],
          "afterHooks": [],
          "tests": [
            {
              "title": "shouldnt connect to DB with incorrect prefix",
              "fullTitle": "Mongoose shouldnt connect to DB with incorrect prefix",
              "timedOut": false,
              "duration": 0,
              "state": "passed",
              "speed": "fast",
              "pass": true,
              "fail": false,
              "pending": false,
              "context": null,
              "code": "let conn_invalid = mongoose.createConnection(mongo_invalid_uri);\nconst ready = conn_invalid.readyState;\nassert.equal(ready, 0);\ndone();",
              "err": {},
              "uuid": "3aa18f15-dd1b-4b66-a593-c58e7589ad3a",
              "parentUUID": "84a93802-ff7b-4923-bf1e-503930584f67",
              "isHook": false,
              "skipped": false
            },
            {
              "title": "should connect to Spec Test DB",
              "fullTitle": "Mongoose should connect to Spec Test DB",
              "timedOut": false,
              "duration": 0,
              "state": "passed",
              "speed": "fast",
              "pass": true,
              "fail": false,
              "pending": false,
              "context": null,
              "code": "const ready = conn_test.readyState;\n\nassert.equal(ready, 1);\ndone();",
              "err": {},
              "uuid": "8704662d-f656-4364-8138-eee770afcfb4",
              "parentUUID": "84a93802-ff7b-4923-bf1e-503930584f67",
              "isHook": false,
              "skipped": false
            },
            {
              "title": "should connect to Dev DB",
              "fullTitle": "Mongoose should connect to Dev DB",
              "timedOut": false,
              "duration": 0,
              "state": "passed",
              "speed": "fast",
              "pass": true,
              "fail": false,
              "pending": false,
              "context": null,
              "code": "const ready = conn_dev.readyState;\n\nassert.equal(ready, 1);\ndone();",
              "err": {},
              "uuid": "34e3e7fb-f274-4cc4-9148-96041636e7dd",
              "parentUUID": "84a93802-ff7b-4923-bf1e-503930584f67",
              "isHook": false,
              "skipped": false
            }
          ],
          "suites": [],
          "passes": [
            "3aa18f15-dd1b-4b66-a593-c58e7589ad3a",
            "8704662d-f656-4364-8138-eee770afcfb4",
            "34e3e7fb-f274-4cc4-9148-96041636e7dd"
          ],
          "failures": [],
          "pending": [],
          "skipped": [],
          "duration": 0,
          "root": false,
          "rootEmpty": false,
          "_timeout": 2000
        },
        {
          "uuid": "dc8a153a-662f-4773-a1ef-8c26b3ece2e2",
          "title": "Port Definition",
          "fullFile": "C:\\Users\\rlond\\Desktop\\Code\\store\\backend\\test\\server-test.js",
          "file": "\\test\\server-test.js",
          "beforeHooks": [],
          "afterHooks": [],
          "tests": [
            {
              "title": "should be defined",
              "fullTitle": "Port Definition should be defined",
              "timedOut": false,
              "duration": 0,
              "state": "passed",
              "speed": "fast",
              "pass": true,
              "fail": false,
              "pending": false,
              "context": null,
              "code": "expect(port).to.exist;\ndone();",
              "err": {},
              "uuid": "edcf69e7-b9d1-42db-a58c-7b212f4d147e",
              "parentUUID": "dc8a153a-662f-4773-a1ef-8c26b3ece2e2",
              "isHook": false,
              "skipped": false
            }
          ],
          "suites": [],
          "passes": [
            "edcf69e7-b9d1-42db-a58c-7b212f4d147e"
          ],
          "failures": [],
          "pending": [],
          "skipped": [],
          "duration": 0,
          "root": false,
          "rootEmpty": false,
          "_timeout": 2000
        },
        {
          "uuid": "1ef136e6-4805-4ccb-891d-583c16dd192a",
          "title": "Express",
          "fullFile": "C:\\Users\\rlond\\Desktop\\Code\\store\\backend\\test\\server-test.js",
          "file": "\\test\\server-test.js",
          "beforeHooks": [
            {
              "title": "\"before all\" hook in \"Express\"",
              "fullTitle": "Express \"before all\" hook in \"Express\"",
              "timedOut": false,
              "duration": 2,
              "state": null,
              "speed": null,
              "pass": false,
              "fail": false,
              "pending": false,
              "context": null,
              "code": "server.close();\nserver.listen(port, () => {\n    console.log(`spec test server should open on port ${port}`);\n    done();\n});",
              "err": {},
              "uuid": "c85492da-471e-408b-9717-d66f7a600cf1",
              "parentUUID": "1ef136e6-4805-4ccb-891d-583c16dd192a",
              "isHook": true,
              "skipped": false
            }
          ],
          "afterHooks": [
            {
              "title": "\"after all\" hook in \"Express\"",
              "fullTitle": "Express \"after all\" hook in \"Express\"",
              "timedOut": false,
              "duration": 1,
              "state": null,
              "speed": null,
              "pass": false,
              "fail": false,
              "pending": false,
              "context": null,
              "code": "server.close();\nconsole.log(`spec test server should close on port ${port}`);",
              "err": {},
              "uuid": "6761eef8-9ea9-4e1f-88c9-603f71dc66fa",
              "parentUUID": "1ef136e6-4805-4ccb-891d-583c16dd192a",
              "isHook": true,
              "skipped": false
            }
          ],
          "tests": [
            {
              "title": "spec test server should connect with status 200",
              "fullTitle": "Express spec test server should connect with status 200",
              "timedOut": false,
              "duration": 25,
              "state": "passed",
              "speed": "fast",
              "pass": true,
              "fail": false,
              "pending": false,
              "context": null,
              "code": "return await request.get('/', (req, res) => {\n    expect(res.status).to.equal(200);\n});",
              "err": {},
              "uuid": "a4ba0cc9-58e9-4aac-ab09-dbc17f9ccaeb",
              "parentUUID": "1ef136e6-4805-4ccb-891d-583c16dd192a",
              "isHook": false,
              "skipped": false
            }
          ],
          "suites": [],
          "passes": [
            "a4ba0cc9-58e9-4aac-ab09-dbc17f9ccaeb"
          ],
          "failures": [],
          "pending": [],
          "skipped": [],
          "duration": 25,
          "root": false,
          "rootEmpty": false,
          "_timeout": 2000
        }
      ],
      "passes": [],
      "failures": [],
      "pending": [],
      "skipped": [],
      "duration": 0,
      "root": true,
      "rootEmpty": true,
      "_timeout": 2000
    }
  ],
  "meta": {
    "mocha": {
      "version": "10.2.0"
    },
    "mochawesome": {
      "options": {
        "quiet": false,
        "reportFilename": "mochawesome",
        "saveHtml": true,
        "saveJson": true,
        "consoleReporter": "spec",
        "useInlineDiffs": false,
        "code": true
      },
      "version": "7.1.3"
    },
    "marge": {
      "options": null,
      "version": "6.2.0"
    }
  }
}