{
  "stats": {
    "suites": 1,
    "tests": 3,
    "passes": 3,
    "pending": 0,
    "failures": 0,
    "start": "2023-03-24T20:12:10.793Z",
    "end": "2023-03-24T20:12:10.856Z",
    "duration": 63,
    "testsRegistered": 3,
    "passPercent": 100,
    "pendingPercent": 0,
    "other": 0,
    "hasOther": false,
    "skipped": 0,
    "hasSkipped": false
  },
  "results": [
    {
      "uuid": "7004f633-9e16-4a44-afe6-9f5bd673cf5f",
      "title": "",
      "fullFile": "C:\\Users\\rlond\\Desktop\\Code\\store\\backend\\test\\test.js",
      "file": "\\test\\test.js",
      "beforeHooks": [],
      "afterHooks": [],
      "tests": [],
      "suites": [
        {
          "uuid": "d73c234d-7096-4d74-b45f-cf80641551c2",
          "title": "Mongoose",
          "fullFile": "C:\\Users\\rlond\\Desktop\\Code\\store\\backend\\test\\test.js",
          "file": "\\test\\test.js",
          "beforeHooks": [
            {
              "title": "\"before all\" hook: create connection in \"Mongoose\"",
              "fullTitle": "Mongoose \"before all\" hook: create connection in \"Mongoose\"",
              "timedOut": false,
              "duration": 50,
              "state": null,
              "speed": null,
              "pass": false,
              "fail": false,
              "pending": false,
              "context": null,
              "code": "conn_dev  = await mongoose.createConnection(mongo_test_uri).asPromise();\nconn_test = await mongoose.createConnection(mongo_dev_uri).asPromise();\nassert.rejects(async () => {\n    conn_invalid = await mongoose.createConnection(mongo_invalid_uri).asPromise();\n}, (err) => err === 'Invalid scheme, expected connection string to start with \"mongodb://\" or \"mongodb+srv://\"');\nreturn;",
              "err": {},
              "uuid": "eb61e85d-d6f9-4e71-ad49-50d7330ea68c",
              "parentUUID": "d73c234d-7096-4d74-b45f-cf80641551c2",
              "isHook": true,
              "skipped": false
            }
          ],
          "afterHooks": [],
          "tests": [
            {
              "title": "shouldnt connect to DB with incorrect prefix",
              "fullTitle": "Mongoose shouldnt connect to DB with incorrect prefix",
              "timedOut": false,
              "duration": 0,
              "state": "passed",
              "speed": "fast",
              "pass": true,
              "fail": false,
              "pending": false,
              "context": null,
              "code": "const options = {\n    autoIndex: false, // Don't build indexes\n    maxPoolSize: 10, // Maintain up to 10 socket connections\n    serverSelectionTimeoutMS: 5000, // Keep trying to send operations for 5 seconds\n    socketTimeoutMS: 45000, // Close sockets after 45 seconds of inactivity\n    family: 4 // Use IPv4, skip trying IPv6\n  };\nmongoose.connect(mongo_invalid_uri, options, function(error) {\n    if (error) return true;\n  });",
              "err": {},
              "uuid": "7a3307e5-de77-4f00-9db0-ac4f3a26fa5d",
              "parentUUID": "d73c234d-7096-4d74-b45f-cf80641551c2",
              "isHook": false,
              "skipped": false
            },
            {
              "title": "should connect to Spec Test DB",
              "fullTitle": "Mongoose should connect to Spec Test DB",
              "timedOut": false,
              "duration": 0,
              "state": "passed",
              "speed": "fast",
              "pass": true,
              "fail": false,
              "pending": false,
              "context": null,
              "code": "const ready = conn_test.readyState;\n\nassert.equal(ready, 1);\ndone();",
              "err": {},
              "uuid": "f0d45bed-954c-4388-97e2-713cb1b85efa",
              "parentUUID": "d73c234d-7096-4d74-b45f-cf80641551c2",
              "isHook": false,
              "skipped": false
            },
            {
              "title": "should connect to Dev DB",
              "fullTitle": "Mongoose should connect to Dev DB",
              "timedOut": false,
              "duration": 1,
              "state": "passed",
              "speed": "fast",
              "pass": true,
              "fail": false,
              "pending": false,
              "context": null,
              "code": "const ready = conn_dev.readyState;\n\nassert.equal(ready, 1);\ndone();",
              "err": {},
              "uuid": "744f4607-a88a-4aab-b69b-82b17dcd66cf",
              "parentUUID": "d73c234d-7096-4d74-b45f-cf80641551c2",
              "isHook": false,
              "skipped": false
            }
          ],
          "suites": [],
          "passes": [
            "7a3307e5-de77-4f00-9db0-ac4f3a26fa5d",
            "f0d45bed-954c-4388-97e2-713cb1b85efa",
            "744f4607-a88a-4aab-b69b-82b17dcd66cf"
          ],
          "failures": [],
          "pending": [],
          "skipped": [],
          "duration": 1,
          "root": false,
          "rootEmpty": false,
          "_timeout": 2000
        }
      ],
      "passes": [],
      "failures": [],
      "pending": [],
      "skipped": [],
      "duration": 0,
      "root": true,
      "rootEmpty": true,
      "_timeout": 2000
    }
  ],
  "meta": {
    "mocha": {
      "version": "10.2.0"
    },
    "mochawesome": {
      "options": {
        "quiet": false,
        "reportFilename": "mochawesome",
        "saveHtml": true,
        "saveJson": true,
        "consoleReporter": "spec",
        "useInlineDiffs": false,
        "code": true
      },
      "version": "7.1.3"
    },
    "marge": {
      "options": null,
      "version": "6.2.0"
    }
  }
}