{
  "stats": {
    "suites": 15,
    "tests": 48,
    "passes": 48,
    "pending": 0,
    "failures": 0,
    "start": "2023-03-29T16:04:42.682Z",
    "end": "2023-03-29T16:04:42.843Z",
    "duration": 161,
    "testsRegistered": 48,
    "passPercent": 100,
    "pendingPercent": 0,
    "other": 0,
    "hasOther": false,
    "skipped": 0,
    "hasSkipped": false
  },
  "results": [
    {
      "uuid": "698c1315-e306-469a-8347-eeeb91983811",
      "title": "",
      "fullFile": "",
      "file": "",
      "beforeHooks": [],
      "afterHooks": [],
      "tests": [],
      "suites": [
        {
          "uuid": "e83310ab-c499-4fa3-aaaa-a6007afd9410",
          "title": "Order Model",
          "fullFile": "C:\\Users\\rlond\\Desktop\\Code\\store\\backend\\src\\models\\test\\order-test.js",
          "file": "\\src\\models\\test\\order-test.js",
          "beforeHooks": [],
          "afterHooks": [],
          "tests": [
            {
              "title": "should have defined model",
              "fullTitle": "Order Model should have defined model",
              "timedOut": false,
              "duration": 0,
              "state": "passed",
              "speed": "fast",
              "pass": true,
              "fail": false,
              "pending": false,
              "context": null,
              "code": "expect(Order).to.exist;",
              "err": {},
              "uuid": "e5117552-a85a-4dbd-884b-c71e4cbc53e0",
              "parentUUID": "e83310ab-c499-4fa3-aaaa-a6007afd9410",
              "isHook": false,
              "skipped": false
            }
          ],
          "suites": [],
          "passes": [
            "e5117552-a85a-4dbd-884b-c71e4cbc53e0"
          ],
          "failures": [],
          "pending": [],
          "skipped": [],
          "duration": 0,
          "root": false,
          "rootEmpty": false,
          "_timeout": 2000
        },
        {
          "uuid": "2470fa86-edae-4081-8ab9-6a140d1fc7a2",
          "title": "Order Schema",
          "fullFile": "C:\\Users\\rlond\\Desktop\\Code\\store\\backend\\src\\models\\test\\order-test.js",
          "file": "\\src\\models\\test\\order-test.js",
          "beforeHooks": [],
          "afterHooks": [],
          "tests": [
            {
              "title": "should be defined",
              "fullTitle": "Order Schema should be defined",
              "timedOut": false,
              "duration": 1,
              "state": "passed",
              "speed": "fast",
              "pass": true,
              "fail": false,
              "pending": false,
              "context": null,
              "code": "expect(order_schema).to.exist;",
              "err": {},
              "uuid": "5cb8aa73-f42b-4dae-b516-f02d67c4d8b4",
              "parentUUID": "2470fa86-edae-4081-8ab9-6a140d1fc7a2",
              "isHook": false,
              "skipped": false
            },
            {
              "title": "should have a user id key",
              "fullTitle": "Order Schema should have a user id key",
              "timedOut": false,
              "duration": 1,
              "state": "passed",
              "speed": "fast",
              "pass": true,
              "fail": false,
              "pending": false,
              "context": null,
              "code": "expect(order_schema.obj)\n.which.is.an('object')\n.and.has.property('user_id')",
              "err": {},
              "uuid": "4f02fa77-807a-4668-a61b-99e95d59e8e9",
              "parentUUID": "2470fa86-edae-4081-8ab9-6a140d1fc7a2",
              "isHook": false,
              "skipped": false
            },
            {
              "title": "should have an order status key",
              "fullTitle": "Order Schema should have an order status key",
              "timedOut": false,
              "duration": 0,
              "state": "passed",
              "speed": "fast",
              "pass": true,
              "fail": false,
              "pending": false,
              "context": null,
              "code": "expect(order_schema.obj)\n.which.is.an('object')\n.and.has.property('order_status')",
              "err": {},
              "uuid": "99177f72-0f45-4abc-9fd0-b7d1f75bf9b1",
              "parentUUID": "2470fa86-edae-4081-8ab9-6a140d1fc7a2",
              "isHook": false,
              "skipped": false
            }
          ],
          "suites": [],
          "passes": [
            "5cb8aa73-f42b-4dae-b516-f02d67c4d8b4",
            "4f02fa77-807a-4668-a61b-99e95d59e8e9",
            "99177f72-0f45-4abc-9fd0-b7d1f75bf9b1"
          ],
          "failures": [],
          "pending": [],
          "skipped": [],
          "duration": 2,
          "root": false,
          "rootEmpty": false,
          "_timeout": 2000
        },
        {
          "uuid": "8f9d5a2c-29ed-440b-986e-ee41378cf18a",
          "title": "Product Ordered Model",
          "fullFile": "C:\\Users\\rlond\\Desktop\\Code\\store\\backend\\src\\models\\test\\product_ordered-test.js",
          "file": "\\src\\models\\test\\product_ordered-test.js",
          "beforeHooks": [],
          "afterHooks": [],
          "tests": [
            {
              "title": "should have a defined model",
              "fullTitle": "Product Ordered Model should have a defined model",
              "timedOut": false,
              "duration": 0,
              "state": "passed",
              "speed": "fast",
              "pass": true,
              "fail": false,
              "pending": false,
              "context": null,
              "code": "expect(Product_Ordered).to.exist;",
              "err": {},
              "uuid": "fdf69827-b7e7-49da-9724-534fe153ed9a",
              "parentUUID": "8f9d5a2c-29ed-440b-986e-ee41378cf18a",
              "isHook": false,
              "skipped": false
            }
          ],
          "suites": [],
          "passes": [
            "fdf69827-b7e7-49da-9724-534fe153ed9a"
          ],
          "failures": [],
          "pending": [],
          "skipped": [],
          "duration": 0,
          "root": false,
          "rootEmpty": false,
          "_timeout": 2000
        },
        {
          "uuid": "b161d4ce-5847-43f7-8074-07274148aec9",
          "title": "Product Ordered Schema",
          "fullFile": "C:\\Users\\rlond\\Desktop\\Code\\store\\backend\\src\\models\\test\\product_ordered-test.js",
          "file": "\\src\\models\\test\\product_ordered-test.js",
          "beforeHooks": [],
          "afterHooks": [],
          "tests": [
            {
              "title": "should be defined",
              "fullTitle": "Product Ordered Schema should be defined",
              "timedOut": false,
              "duration": 0,
              "state": "passed",
              "speed": "fast",
              "pass": true,
              "fail": false,
              "pending": false,
              "context": null,
              "code": "expect(product_ordered_schema).to.exist;",
              "err": {},
              "uuid": "29d9ab1f-e2b7-4970-b81e-107e7ebf1652",
              "parentUUID": "b161d4ce-5847-43f7-8074-07274148aec9",
              "isHook": false,
              "skipped": false
            },
            {
              "title": "should have a quantity key",
              "fullTitle": "Product Ordered Schema should have a quantity key",
              "timedOut": false,
              "duration": 0,
              "state": "passed",
              "speed": "fast",
              "pass": true,
              "fail": false,
              "pending": false,
              "context": null,
              "code": "expect(product_ordered_schema.obj)\n.which.is.an('object')\n.and.has.property('quantity');",
              "err": {},
              "uuid": "c1f6386e-0cde-4482-ab0e-a5673e1ef041",
              "parentUUID": "b161d4ce-5847-43f7-8074-07274148aec9",
              "isHook": false,
              "skipped": false
            },
            {
              "title": "should have a product id key",
              "fullTitle": "Product Ordered Schema should have a product id key",
              "timedOut": false,
              "duration": 0,
              "state": "passed",
              "speed": "fast",
              "pass": true,
              "fail": false,
              "pending": false,
              "context": null,
              "code": "expect(product_ordered_schema.obj)\n.which.is.an('object')\n.and.has.property('product_id');",
              "err": {},
              "uuid": "43d6c0e4-59c0-4dbc-b08f-f8ec1a33cbfd",
              "parentUUID": "b161d4ce-5847-43f7-8074-07274148aec9",
              "isHook": false,
              "skipped": false
            },
            {
              "title": "should have an order id key",
              "fullTitle": "Product Ordered Schema should have an order id key",
              "timedOut": false,
              "duration": 0,
              "state": "passed",
              "speed": "fast",
              "pass": true,
              "fail": false,
              "pending": false,
              "context": null,
              "code": "expect(product_ordered_schema.obj)\n.which.is.an('object')\n.and.has.property('order_id');",
              "err": {},
              "uuid": "c0ecbbff-07c4-4891-a9fd-4105b3ec79e8",
              "parentUUID": "b161d4ce-5847-43f7-8074-07274148aec9",
              "isHook": false,
              "skipped": false
            }
          ],
          "suites": [],
          "passes": [
            "29d9ab1f-e2b7-4970-b81e-107e7ebf1652",
            "c1f6386e-0cde-4482-ab0e-a5673e1ef041",
            "43d6c0e4-59c0-4dbc-b08f-f8ec1a33cbfd",
            "c0ecbbff-07c4-4891-a9fd-4105b3ec79e8"
          ],
          "failures": [],
          "pending": [],
          "skipped": [],
          "duration": 0,
          "root": false,
          "rootEmpty": false,
          "_timeout": 2000
        },
        {
          "uuid": "3ac6811a-462d-49f0-b3a9-7be6045d38d1",
          "title": "Product Model",
          "fullFile": "C:\\Users\\rlond\\Desktop\\Code\\store\\backend\\src\\models\\test\\product-test.js",
          "file": "\\src\\models\\test\\product-test.js",
          "beforeHooks": [],
          "afterHooks": [],
          "tests": [
            {
              "title": "should have a defined product model",
              "fullTitle": "Product Model should have a defined product model",
              "timedOut": false,
              "duration": 0,
              "state": "passed",
              "speed": "fast",
              "pass": true,
              "fail": false,
              "pending": false,
              "context": null,
              "code": "expect(Product).to.exist;",
              "err": {},
              "uuid": "fe522eb1-e573-432d-91ae-79836be392a4",
              "parentUUID": "3ac6811a-462d-49f0-b3a9-7be6045d38d1",
              "isHook": false,
              "skipped": false
            }
          ],
          "suites": [],
          "passes": [
            "fe522eb1-e573-432d-91ae-79836be392a4"
          ],
          "failures": [],
          "pending": [],
          "skipped": [],
          "duration": 0,
          "root": false,
          "rootEmpty": false,
          "_timeout": 2000
        },
        {
          "uuid": "d42407ec-4c96-47ac-83b4-c7f3444b180c",
          "title": "Product Schema",
          "fullFile": "C:\\Users\\rlond\\Desktop\\Code\\store\\backend\\src\\models\\test\\product-test.js",
          "file": "\\src\\models\\test\\product-test.js",
          "beforeHooks": [],
          "afterHooks": [],
          "tests": [
            {
              "title": "should be defined",
              "fullTitle": "Product Schema should be defined",
              "timedOut": false,
              "duration": 0,
              "state": "passed",
              "speed": "fast",
              "pass": true,
              "fail": false,
              "pending": false,
              "context": null,
              "code": "expect(product_schema).to.exist;;",
              "err": {},
              "uuid": "4a84ef39-b75f-4876-a9d2-49173f9f11b3",
              "parentUUID": "d42407ec-4c96-47ac-83b4-c7f3444b180c",
              "isHook": false,
              "skipped": false
            },
            {
              "title": "should have a title key",
              "fullTitle": "Product Schema should have a title key",
              "timedOut": false,
              "duration": 0,
              "state": "passed",
              "speed": "fast",
              "pass": true,
              "fail": false,
              "pending": false,
              "context": null,
              "code": "expect(product_schema.obj)\n.which.is.an('object')\n.and.has.property('title');",
              "err": {},
              "uuid": "7ab428b5-93a6-44af-b616-0b42d631efbe",
              "parentUUID": "d42407ec-4c96-47ac-83b4-c7f3444b180c",
              "isHook": false,
              "skipped": false
            },
            {
              "title": "should have a description key",
              "fullTitle": "Product Schema should have a description key",
              "timedOut": false,
              "duration": 1,
              "state": "passed",
              "speed": "fast",
              "pass": true,
              "fail": false,
              "pending": false,
              "context": null,
              "code": "expect(product_schema.obj)\n.which.is.an('object')\n.and.has.property('description');",
              "err": {},
              "uuid": "f572d923-ef00-4ab1-954d-7e2e6c0ee17a",
              "parentUUID": "d42407ec-4c96-47ac-83b4-c7f3444b180c",
              "isHook": false,
              "skipped": false
            },
            {
              "title": "should have a price key",
              "fullTitle": "Product Schema should have a price key",
              "timedOut": false,
              "duration": 0,
              "state": "passed",
              "speed": "fast",
              "pass": true,
              "fail": false,
              "pending": false,
              "context": null,
              "code": "expect(product_schema.obj)\n.which.is.an('object')\n.and.has.property('price');",
              "err": {},
              "uuid": "af12b23b-15a2-4973-90de-ad40251e9a56",
              "parentUUID": "d42407ec-4c96-47ac-83b4-c7f3444b180c",
              "isHook": false,
              "skipped": false
            }
          ],
          "suites": [],
          "passes": [
            "4a84ef39-b75f-4876-a9d2-49173f9f11b3",
            "7ab428b5-93a6-44af-b616-0b42d631efbe",
            "f572d923-ef00-4ab1-954d-7e2e6c0ee17a",
            "af12b23b-15a2-4973-90de-ad40251e9a56"
          ],
          "failures": [],
          "pending": [],
          "skipped": [],
          "duration": 1,
          "root": false,
          "rootEmpty": false,
          "_timeout": 2000
        },
        {
          "uuid": "fd4eba8a-c745-4dd1-8ebe-17f85d2b3c47",
          "title": "Test Product",
          "fullFile": "C:\\Users\\rlond\\Desktop\\Code\\store\\backend\\src\\models\\test\\product-test.js",
          "file": "\\src\\models\\test\\product-test.js",
          "beforeHooks": [],
          "afterHooks": [],
          "tests": [
            {
              "title": "should have an id",
              "fullTitle": "Test Product should have an id",
              "timedOut": false,
              "duration": 0,
              "state": "passed",
              "speed": "fast",
              "pass": true,
              "fail": false,
              "pending": false,
              "context": null,
              "code": "expect(product)\n.which.is.an('object')\n.and.has.property('_id')\n.and.not.equal('undefined');",
              "err": {},
              "uuid": "1a59033c-a5dd-4271-b3a2-c472eb9b5051",
              "parentUUID": "fd4eba8a-c745-4dd1-8ebe-17f85d2b3c47",
              "isHook": false,
              "skipped": false
            },
            {
              "title": "should have a value for title",
              "fullTitle": "Test Product should have a value for title",
              "timedOut": false,
              "duration": 0,
              "state": "passed",
              "speed": "fast",
              "pass": true,
              "fail": false,
              "pending": false,
              "context": null,
              "code": "expect(test_product)\n.which.is.an('object')\n.and.has.property('title')\n.and.equal('test product');",
              "err": {},
              "uuid": "25511a7e-9f06-47a8-a34d-393b48a3456e",
              "parentUUID": "fd4eba8a-c745-4dd1-8ebe-17f85d2b3c47",
              "isHook": false,
              "skipped": false
            },
            {
              "title": "should have a value for description",
              "fullTitle": "Test Product should have a value for description",
              "timedOut": false,
              "duration": 0,
              "state": "passed",
              "speed": "fast",
              "pass": true,
              "fail": false,
              "pending": false,
              "context": null,
              "code": "expect(test_product)\n.which.is.an('object')\n.and.has.property('description')\n.and.equal('I am a test product for the store backend');",
              "err": {},
              "uuid": "f6f3fa5c-8036-4523-9fc1-da871f66a4d6",
              "parentUUID": "fd4eba8a-c745-4dd1-8ebe-17f85d2b3c47",
              "isHook": false,
              "skipped": false
            },
            {
              "title": "should have a value for price",
              "fullTitle": "Test Product should have a value for price",
              "timedOut": false,
              "duration": 1,
              "state": "passed",
              "speed": "fast",
              "pass": true,
              "fail": false,
              "pending": false,
              "context": null,
              "code": "expect(test_product)\n.which.is.an('object')\n.and.has.property('price')\n.and.equal(109.99);",
              "err": {},
              "uuid": "f96380e6-6293-43c6-8360-0efd9c33680f",
              "parentUUID": "fd4eba8a-c745-4dd1-8ebe-17f85d2b3c47",
              "isHook": false,
              "skipped": false
            }
          ],
          "suites": [],
          "passes": [
            "1a59033c-a5dd-4271-b3a2-c472eb9b5051",
            "25511a7e-9f06-47a8-a34d-393b48a3456e",
            "f6f3fa5c-8036-4523-9fc1-da871f66a4d6",
            "f96380e6-6293-43c6-8360-0efd9c33680f"
          ],
          "failures": [],
          "pending": [],
          "skipped": [],
          "duration": 1,
          "root": false,
          "rootEmpty": false,
          "_timeout": 2000
        },
        {
          "uuid": "dc4ec500-274d-4e7a-9cbb-baf1531ade07",
          "title": "Validate Product Method",
          "fullFile": "C:\\Users\\rlond\\Desktop\\Code\\store\\backend\\src\\models\\test\\product-test.js",
          "file": "\\src\\models\\test\\product-test.js",
          "beforeHooks": [],
          "afterHooks": [],
          "tests": [
            {
              "title": "should pass test product with correct schema requirements",
              "fullTitle": "Validate Product Method should pass test product with correct schema requirements",
              "timedOut": false,
              "duration": 6,
              "state": "passed",
              "speed": "fast",
              "pass": true,
              "fail": false,
              "pending": false,
              "context": null,
              "code": "const result = handleProductErrors(test_product);\nexpect(result.error).to.equal(undefined);",
              "err": {},
              "uuid": "12ff9ad6-b1ca-485c-b08d-f2b2e86b2851",
              "parentUUID": "dc4ec500-274d-4e7a-9cbb-baf1531ade07",
              "isHook": false,
              "skipped": false
            },
            {
              "title": "should fail a test product with incorrect schema requirements",
              "fullTitle": "Validate Product Method should fail a test product with incorrect schema requirements",
              "timedOut": false,
              "duration": 3,
              "state": "passed",
              "speed": "fast",
              "pass": true,
              "fail": false,
              "pending": false,
              "context": null,
              "code": "test_product.price = \"109.99\";\nconst result = handleProductErrors(test_product);\nassert.rejects(() => {\n    const result = handleProductErrors(test_product);\n}, (err) => err === result.error.details[0].message)",
              "err": {},
              "uuid": "3d67c317-8d97-4d0f-b462-b86179029b46",
              "parentUUID": "dc4ec500-274d-4e7a-9cbb-baf1531ade07",
              "isHook": false,
              "skipped": false
            }
          ],
          "suites": [],
          "passes": [
            "12ff9ad6-b1ca-485c-b08d-f2b2e86b2851",
            "3d67c317-8d97-4d0f-b462-b86179029b46"
          ],
          "failures": [],
          "pending": [],
          "skipped": [],
          "duration": 9,
          "root": false,
          "rootEmpty": false,
          "_timeout": 2000
        },
        {
          "uuid": "7c9f43f8-2359-4016-bb1b-966c28d208f4",
          "title": "User Model",
          "fullFile": "C:\\Users\\rlond\\Desktop\\Code\\store\\backend\\src\\models\\test\\user-test.js",
          "file": "\\src\\models\\test\\user-test.js",
          "beforeHooks": [],
          "afterHooks": [],
          "tests": [
            {
              "title": "should have a defined model",
              "fullTitle": "User Model should have a defined model",
              "timedOut": false,
              "duration": 0,
              "state": "passed",
              "speed": "fast",
              "pass": true,
              "fail": false,
              "pending": false,
              "context": null,
              "code": "expect(User).to.exist;",
              "err": {},
              "uuid": "0e53a755-a3e0-4155-81c3-ecfe2988c207",
              "parentUUID": "7c9f43f8-2359-4016-bb1b-966c28d208f4",
              "isHook": false,
              "skipped": false
            }
          ],
          "suites": [],
          "passes": [
            "0e53a755-a3e0-4155-81c3-ecfe2988c207"
          ],
          "failures": [],
          "pending": [],
          "skipped": [],
          "duration": 0,
          "root": false,
          "rootEmpty": false,
          "_timeout": 2000
        },
        {
          "uuid": "19278642-8116-4671-bb6d-9c7bab56a330",
          "title": "User Schema",
          "fullFile": "C:\\Users\\rlond\\Desktop\\Code\\store\\backend\\src\\models\\test\\user-test.js",
          "file": "\\src\\models\\test\\user-test.js",
          "beforeHooks": [],
          "afterHooks": [],
          "tests": [
            {
              "title": "should be defined",
              "fullTitle": "User Schema should be defined",
              "timedOut": false,
              "duration": 0,
              "state": "passed",
              "speed": "fast",
              "pass": true,
              "fail": false,
              "pending": false,
              "context": null,
              "code": "expect(user_schema).to.exist;",
              "err": {},
              "uuid": "0c5e561b-5855-4519-8964-19bfb66df86c",
              "parentUUID": "19278642-8116-4671-bb6d-9c7bab56a330",
              "isHook": false,
              "skipped": false
            },
            {
              "title": "should have a first name key",
              "fullTitle": "User Schema should have a first name key",
              "timedOut": false,
              "duration": 0,
              "state": "passed",
              "speed": "fast",
              "pass": true,
              "fail": false,
              "pending": false,
              "context": null,
              "code": "expect(user_schema.obj)\n.which.is.an('object')\n.and.has.property('first_name');",
              "err": {},
              "uuid": "903ae60b-bab2-4493-894f-9ff4aa65a425",
              "parentUUID": "19278642-8116-4671-bb6d-9c7bab56a330",
              "isHook": false,
              "skipped": false
            },
            {
              "title": "should have a last name key",
              "fullTitle": "User Schema should have a last name key",
              "timedOut": false,
              "duration": 0,
              "state": "passed",
              "speed": "fast",
              "pass": true,
              "fail": false,
              "pending": false,
              "context": null,
              "code": "expect(user_schema.obj)\n.which.is.an('object')\n.and.has.property('last_name');",
              "err": {},
              "uuid": "a5c0931b-0c9f-4d29-b0c7-947ed842ae10",
              "parentUUID": "19278642-8116-4671-bb6d-9c7bab56a330",
              "isHook": false,
              "skipped": false
            },
            {
              "title": "should have an address key",
              "fullTitle": "User Schema should have an address key",
              "timedOut": false,
              "duration": 0,
              "state": "passed",
              "speed": "fast",
              "pass": true,
              "fail": false,
              "pending": false,
              "context": null,
              "code": "expect(user_schema.obj)\n.which.is.an('object')\n.and.has.property('address');",
              "err": {},
              "uuid": "34fa86df-ca3c-4bc6-b4b7-1b599f3678b8",
              "parentUUID": "19278642-8116-4671-bb6d-9c7bab56a330",
              "isHook": false,
              "skipped": false
            },
            {
              "title": "should have a city key",
              "fullTitle": "User Schema should have a city key",
              "timedOut": false,
              "duration": 0,
              "state": "passed",
              "speed": "fast",
              "pass": true,
              "fail": false,
              "pending": false,
              "context": null,
              "code": "expect(user_schema.obj)\n.which.is.an('object')\n.and.has.property('city');",
              "err": {},
              "uuid": "a8849bee-af50-4f71-91e3-dd1de0622c8f",
              "parentUUID": "19278642-8116-4671-bb6d-9c7bab56a330",
              "isHook": false,
              "skipped": false
            },
            {
              "title": "should have a state key",
              "fullTitle": "User Schema should have a state key",
              "timedOut": false,
              "duration": 0,
              "state": "passed",
              "speed": "fast",
              "pass": true,
              "fail": false,
              "pending": false,
              "context": null,
              "code": "expect(user_schema.obj)\n.which.is.an('object')\n.and.has.property('state');",
              "err": {},
              "uuid": "6e6052fd-b2c3-4dff-875c-8d4ce64c8a72",
              "parentUUID": "19278642-8116-4671-bb6d-9c7bab56a330",
              "isHook": false,
              "skipped": false
            },
            {
              "title": "should have zip code key",
              "fullTitle": "User Schema should have zip code key",
              "timedOut": false,
              "duration": 0,
              "state": "passed",
              "speed": "fast",
              "pass": true,
              "fail": false,
              "pending": false,
              "context": null,
              "code": "expect(user_schema.obj)\n.which.is.an('object')\n.and.has.property('zip');",
              "err": {},
              "uuid": "08b00b14-d6f2-45c2-a35c-7225f202e25c",
              "parentUUID": "19278642-8116-4671-bb6d-9c7bab56a330",
              "isHook": false,
              "skipped": false
            },
            {
              "title": "should have a username key",
              "fullTitle": "User Schema should have a username key",
              "timedOut": false,
              "duration": 0,
              "state": "passed",
              "speed": "fast",
              "pass": true,
              "fail": false,
              "pending": false,
              "context": null,
              "code": "expect(user_schema.obj)\n.which.is.an('object')\n.and.has.property('username');",
              "err": {},
              "uuid": "040a8736-4a53-42a2-81f9-be1bea69b9c1",
              "parentUUID": "19278642-8116-4671-bb6d-9c7bab56a330",
              "isHook": false,
              "skipped": false
            },
            {
              "title": "should have an email key",
              "fullTitle": "User Schema should have an email key",
              "timedOut": false,
              "duration": 1,
              "state": "passed",
              "speed": "fast",
              "pass": true,
              "fail": false,
              "pending": false,
              "context": null,
              "code": "expect(user_schema.obj)\n.which.is.an('object')\n.and.has.property('email');",
              "err": {},
              "uuid": "d982c8e4-31b6-406d-b19a-390e0366e026",
              "parentUUID": "19278642-8116-4671-bb6d-9c7bab56a330",
              "isHook": false,
              "skipped": false
            },
            {
              "title": "should have a password key",
              "fullTitle": "User Schema should have a password key",
              "timedOut": false,
              "duration": 0,
              "state": "passed",
              "speed": "fast",
              "pass": true,
              "fail": false,
              "pending": false,
              "context": null,
              "code": "expect(user_schema.obj)\n.which.is.an('object')\n.and.has.property('password');",
              "err": {},
              "uuid": "86b38b5b-6e35-4057-87e4-996c6e0131b2",
              "parentUUID": "19278642-8116-4671-bb6d-9c7bab56a330",
              "isHook": false,
              "skipped": false
            }
          ],
          "suites": [],
          "passes": [
            "0c5e561b-5855-4519-8964-19bfb66df86c",
            "903ae60b-bab2-4493-894f-9ff4aa65a425",
            "a5c0931b-0c9f-4d29-b0c7-947ed842ae10",
            "34fa86df-ca3c-4bc6-b4b7-1b599f3678b8",
            "a8849bee-af50-4f71-91e3-dd1de0622c8f",
            "6e6052fd-b2c3-4dff-875c-8d4ce64c8a72",
            "08b00b14-d6f2-45c2-a35c-7225f202e25c",
            "040a8736-4a53-42a2-81f9-be1bea69b9c1",
            "d982c8e4-31b6-406d-b19a-390e0366e026",
            "86b38b5b-6e35-4057-87e4-996c6e0131b2"
          ],
          "failures": [],
          "pending": [],
          "skipped": [],
          "duration": 1,
          "root": false,
          "rootEmpty": false,
          "_timeout": 2000
        },
        {
          "uuid": "23a039be-b16e-42fe-86cc-e13d2e43f24d",
          "title": "Test User",
          "fullFile": "C:\\Users\\rlond\\Desktop\\Code\\store\\backend\\src\\models\\test\\user-test.js",
          "file": "\\src\\models\\test\\user-test.js",
          "beforeHooks": [],
          "afterHooks": [],
          "tests": [
            {
              "title": "should have a value for id",
              "fullTitle": "Test User should have a value for id",
              "timedOut": false,
              "duration": 1,
              "state": "passed",
              "speed": "fast",
              "pass": true,
              "fail": false,
              "pending": false,
              "context": null,
              "code": "expect(user)\n.which.is.an('object')\n.and.has.property('_id')\n.and.not.equal('undefined');",
              "err": {},
              "uuid": "f6450d75-7e96-4171-9cf7-f19ed873e0c1",
              "parentUUID": "23a039be-b16e-42fe-86cc-e13d2e43f24d",
              "isHook": false,
              "skipped": false
            },
            {
              "title": "should have a value first name",
              "fullTitle": "Test User should have a value first name",
              "timedOut": false,
              "duration": 0,
              "state": "passed",
              "speed": "fast",
              "pass": true,
              "fail": false,
              "pending": false,
              "context": null,
              "code": "expect(test_user)\n.which.is.an('object')\n.and.has.property('first_name')\n.and.equal('Ralphie');",
              "err": {},
              "uuid": "589e7db6-f725-49af-b28d-3c738d79262e",
              "parentUUID": "23a039be-b16e-42fe-86cc-e13d2e43f24d",
              "isHook": false,
              "skipped": false
            },
            {
              "title": "should have a value for last name",
              "fullTitle": "Test User should have a value for last name",
              "timedOut": false,
              "duration": 0,
              "state": "passed",
              "speed": "fast",
              "pass": true,
              "fail": false,
              "pending": false,
              "context": null,
              "code": "expect(test_user)\n.which.is.an('object')\n.and.has.property('last_name')\n.and.equal('London');",
              "err": {},
              "uuid": "b4c6ddfc-b11f-42da-885f-a1f3dd668545",
              "parentUUID": "23a039be-b16e-42fe-86cc-e13d2e43f24d",
              "isHook": false,
              "skipped": false
            },
            {
              "title": "should have a value for address",
              "fullTitle": "Test User should have a value for address",
              "timedOut": false,
              "duration": 1,
              "state": "passed",
              "speed": "fast",
              "pass": true,
              "fail": false,
              "pending": false,
              "context": null,
              "code": "expect(test_user)\n.which.is.an('object')\n.and.has.property('address')\n.and.equal('3131 Trap Ave');",
              "err": {},
              "uuid": "f110100a-dd11-4953-985e-95f5d383a26b",
              "parentUUID": "23a039be-b16e-42fe-86cc-e13d2e43f24d",
              "isHook": false,
              "skipped": false
            },
            {
              "title": "should have a value for city",
              "fullTitle": "Test User should have a value for city",
              "timedOut": false,
              "duration": 0,
              "state": "passed",
              "speed": "fast",
              "pass": true,
              "fail": false,
              "pending": false,
              "context": null,
              "code": "expect(test_user)\n.which.is.an('object')\n.and.has.property('city')\n.and.equal('Atlanta');",
              "err": {},
              "uuid": "4ae4fbea-6b92-4e6d-a192-ca2cc555fe06",
              "parentUUID": "23a039be-b16e-42fe-86cc-e13d2e43f24d",
              "isHook": false,
              "skipped": false
            },
            {
              "title": "should have a value for state",
              "fullTitle": "Test User should have a value for state",
              "timedOut": false,
              "duration": 0,
              "state": "passed",
              "speed": "fast",
              "pass": true,
              "fail": false,
              "pending": false,
              "context": null,
              "code": "expect(test_user)\n.which.is.an('object')\n.and.has.property('state')\n.and.equal('GA');",
              "err": {},
              "uuid": "6dab7d1a-a779-4fe3-80cc-263989a7cf82",
              "parentUUID": "23a039be-b16e-42fe-86cc-e13d2e43f24d",
              "isHook": false,
              "skipped": false
            },
            {
              "title": "should have a value zip code",
              "fullTitle": "Test User should have a value zip code",
              "timedOut": false,
              "duration": 0,
              "state": "passed",
              "speed": "fast",
              "pass": true,
              "fail": false,
              "pending": false,
              "context": null,
              "code": "expect(test_user)\n.which.is.an('object')\n.and.has.property('zip')\n.and.equal(30032);",
              "err": {},
              "uuid": "2c0439f4-a192-4f04-b951-0955913d5d74",
              "parentUUID": "23a039be-b16e-42fe-86cc-e13d2e43f24d",
              "isHook": false,
              "skipped": false
            },
            {
              "title": "should have a value for email",
              "fullTitle": "Test User should have a value for email",
              "timedOut": false,
              "duration": 0,
              "state": "passed",
              "speed": "fast",
              "pass": true,
              "fail": false,
              "pending": false,
              "context": null,
              "code": "expect(test_user)\n.which.is.an('object')\n.and.has.property('email')\n.and.equal('ralphieLondon@store.com');",
              "err": {},
              "uuid": "bce43e03-83c7-4d39-bfa0-133e87035ee9",
              "parentUUID": "23a039be-b16e-42fe-86cc-e13d2e43f24d",
              "isHook": false,
              "skipped": false
            },
            {
              "title": "should have a value for password",
              "fullTitle": "Test User should have a value for password",
              "timedOut": false,
              "duration": 0,
              "state": "passed",
              "speed": "fast",
              "pass": true,
              "fail": false,
              "pending": false,
              "context": null,
              "code": "expect(test_user)\n.which.is.an('object')\n.and.has.property('password')\n.and.equal('Store1234!');",
              "err": {},
              "uuid": "0aecbbe4-929c-4775-a8ff-0d14c6920283",
              "parentUUID": "23a039be-b16e-42fe-86cc-e13d2e43f24d",
              "isHook": false,
              "skipped": false
            },
            {
              "title": "should have a value for username",
              "fullTitle": "Test User should have a value for username",
              "timedOut": false,
              "duration": 0,
              "state": "passed",
              "speed": "fast",
              "pass": true,
              "fail": false,
              "pending": false,
              "context": null,
              "code": "expect(test_user)\n.which.is.an('object')\n.and.has.property('username')\n.and.equal('BossDev');",
              "err": {},
              "uuid": "8a03a78a-478f-4963-9f7f-7df6a50faf60",
              "parentUUID": "23a039be-b16e-42fe-86cc-e13d2e43f24d",
              "isHook": false,
              "skipped": false
            }
          ],
          "suites": [],
          "passes": [
            "f6450d75-7e96-4171-9cf7-f19ed873e0c1",
            "589e7db6-f725-49af-b28d-3c738d79262e",
            "b4c6ddfc-b11f-42da-885f-a1f3dd668545",
            "f110100a-dd11-4953-985e-95f5d383a26b",
            "4ae4fbea-6b92-4e6d-a192-ca2cc555fe06",
            "6dab7d1a-a779-4fe3-80cc-263989a7cf82",
            "2c0439f4-a192-4f04-b951-0955913d5d74",
            "bce43e03-83c7-4d39-bfa0-133e87035ee9",
            "0aecbbe4-929c-4775-a8ff-0d14c6920283",
            "8a03a78a-478f-4963-9f7f-7df6a50faf60"
          ],
          "failures": [],
          "pending": [],
          "skipped": [],
          "duration": 2,
          "root": false,
          "rootEmpty": false,
          "_timeout": 2000
        },
        {
          "uuid": "257e821e-7d68-4cf0-a4c2-e00c43f6d03b",
          "title": "Validate User Method",
          "fullFile": "C:\\Users\\rlond\\Desktop\\Code\\store\\backend\\src\\models\\test\\user-test.js",
          "file": "\\src\\models\\test\\user-test.js",
          "beforeHooks": [],
          "afterHooks": [],
          "tests": [
            {
              "title": "should pass test user with correct schema requirements",
              "fullTitle": "Validate User Method should pass test user with correct schema requirements",
              "timedOut": false,
              "duration": 19,
              "state": "passed",
              "speed": "fast",
              "pass": true,
              "fail": false,
              "pending": false,
              "context": null,
              "code": "const result = handleUserErrors(test_user);\nexpect(result.error).to.equal(undefined);",
              "err": {},
              "uuid": "c42064a5-b989-4273-9f5b-8064df646ab1",
              "parentUUID": "257e821e-7d68-4cf0-a4c2-e00c43f6d03b",
              "isHook": false,
              "skipped": false
            },
            {
              "title": "should fail a user with incorrect schema requirements",
              "fullTitle": "Validate User Method should fail a user with incorrect schema requirements",
              "timedOut": false,
              "duration": 7,
              "state": "passed",
              "speed": "fast",
              "pass": true,
              "fail": false,
              "pending": false,
              "context": null,
              "code": "test_user.password = \"1\";\nconst result = handleUserErrors(test_user);\nassert.rejects(() => {\n    const result = handleUserErrors(test_user);\n}, (err) => err === result.error.details[0].message)",
              "err": {},
              "uuid": "8e5d3dbe-2a14-4eef-a471-55cb9b11bffc",
              "parentUUID": "257e821e-7d68-4cf0-a4c2-e00c43f6d03b",
              "isHook": false,
              "skipped": false
            }
          ],
          "suites": [],
          "passes": [
            "c42064a5-b989-4273-9f5b-8064df646ab1",
            "8e5d3dbe-2a14-4eef-a471-55cb9b11bffc"
          ],
          "failures": [],
          "pending": [],
          "skipped": [],
          "duration": 26,
          "root": false,
          "rootEmpty": false,
          "_timeout": 2000
        },
        {
          "uuid": "2b5181a8-38d9-4b9e-9dc3-33d4b899448e",
          "title": "Mongoose",
          "fullFile": "C:\\Users\\rlond\\Desktop\\Code\\store\\backend\\test\\server-test.js",
          "file": "\\test\\server-test.js",
          "beforeHooks": [
            {
              "title": "\"before all\" hook: create connection in \"Mongoose\"",
              "fullTitle": "Mongoose \"before all\" hook: create connection in \"Mongoose\"",
              "timedOut": false,
              "duration": 12,
              "state": null,
              "speed": null,
              "pass": false,
              "fail": false,
              "pending": false,
              "context": null,
              "code": "conn_dev  = await mongoose.createConnection(mongo_test_uri).asPromise();\nconn_test = await mongoose.createConnection(mongo_dev_uri).asPromise();\nassert.rejects(async () => {\n    conn_invalid = await mongoose.createConnection(mongo_invalid_uri).asPromise();\n}, (err) => err === 'Invalid scheme, expected connection string to start with \"mongodb://\" or \"mongodb+srv://\"');\nreturn;",
              "err": {},
              "uuid": "f7977dc5-3525-488c-8945-4a4aa7ddcd4a",
              "parentUUID": "2b5181a8-38d9-4b9e-9dc3-33d4b899448e",
              "isHook": true,
              "skipped": false
            }
          ],
          "afterHooks": [],
          "tests": [
            {
              "title": "shouldnt connect to DB with incorrect prefix",
              "fullTitle": "Mongoose shouldnt connect to DB with incorrect prefix",
              "timedOut": false,
              "duration": 1,
              "state": "passed",
              "speed": "fast",
              "pass": true,
              "fail": false,
              "pending": false,
              "context": null,
              "code": "let conn_invalid = mongoose.createConnection(mongo_invalid_uri);\nconst ready = conn_invalid.readyState;\nassert.equal(ready, 0);\ndone();",
              "err": {},
              "uuid": "373511a9-9c3d-445c-8ace-8c40b40f8934",
              "parentUUID": "2b5181a8-38d9-4b9e-9dc3-33d4b899448e",
              "isHook": false,
              "skipped": false
            },
            {
              "title": "should connect to Spec Test DB",
              "fullTitle": "Mongoose should connect to Spec Test DB",
              "timedOut": false,
              "duration": 0,
              "state": "passed",
              "speed": "fast",
              "pass": true,
              "fail": false,
              "pending": false,
              "context": null,
              "code": "const ready = conn_test.readyState;\n\nassert.equal(ready, 1);\ndone();",
              "err": {},
              "uuid": "f42b17f3-00b9-4122-81e9-42edf4a93006",
              "parentUUID": "2b5181a8-38d9-4b9e-9dc3-33d4b899448e",
              "isHook": false,
              "skipped": false
            },
            {
              "title": "should connect to Dev DB",
              "fullTitle": "Mongoose should connect to Dev DB",
              "timedOut": false,
              "duration": 0,
              "state": "passed",
              "speed": "fast",
              "pass": true,
              "fail": false,
              "pending": false,
              "context": null,
              "code": "const ready = conn_dev.readyState;\n\nassert.equal(ready, 1);\ndone();",
              "err": {},
              "uuid": "c6c397ab-395c-4d97-bdb2-ffddb44d1fa2",
              "parentUUID": "2b5181a8-38d9-4b9e-9dc3-33d4b899448e",
              "isHook": false,
              "skipped": false
            }
          ],
          "suites": [],
          "passes": [
            "373511a9-9c3d-445c-8ace-8c40b40f8934",
            "f42b17f3-00b9-4122-81e9-42edf4a93006",
            "c6c397ab-395c-4d97-bdb2-ffddb44d1fa2"
          ],
          "failures": [],
          "pending": [],
          "skipped": [],
          "duration": 1,
          "root": false,
          "rootEmpty": false,
          "_timeout": 2000
        },
        {
          "uuid": "f7c73642-f28c-4b4c-906c-004d6278375c",
          "title": "Port Definition",
          "fullFile": "C:\\Users\\rlond\\Desktop\\Code\\store\\backend\\test\\server-test.js",
          "file": "\\test\\server-test.js",
          "beforeHooks": [],
          "afterHooks": [],
          "tests": [
            {
              "title": "should be defined",
              "fullTitle": "Port Definition should be defined",
              "timedOut": false,
              "duration": 0,
              "state": "passed",
              "speed": "fast",
              "pass": true,
              "fail": false,
              "pending": false,
              "context": null,
              "code": "expect(port).to.exist;\ndone();",
              "err": {},
              "uuid": "f7cc8b31-a114-4e1f-9dac-087c9747313b",
              "parentUUID": "f7c73642-f28c-4b4c-906c-004d6278375c",
              "isHook": false,
              "skipped": false
            }
          ],
          "suites": [],
          "passes": [
            "f7cc8b31-a114-4e1f-9dac-087c9747313b"
          ],
          "failures": [],
          "pending": [],
          "skipped": [],
          "duration": 0,
          "root": false,
          "rootEmpty": false,
          "_timeout": 2000
        },
        {
          "uuid": "d029821a-0657-4e7f-bdf6-1a4890eb5609",
          "title": "Express",
          "fullFile": "C:\\Users\\rlond\\Desktop\\Code\\store\\backend\\test\\server-test.js",
          "file": "\\test\\server-test.js",
          "beforeHooks": [
            {
              "title": "\"before all\" hook in \"Express\"",
              "fullTitle": "Express \"before all\" hook in \"Express\"",
              "timedOut": false,
              "duration": 2,
              "state": null,
              "speed": null,
              "pass": false,
              "fail": false,
              "pending": false,
              "context": null,
              "code": "server.close();\nserver.listen(port, () => {\n    console.log(`spec test server should open on port ${port}`);\n    done();\n});",
              "err": {},
              "uuid": "5df743d2-aca9-4243-8ba1-dd127df46107",
              "parentUUID": "d029821a-0657-4e7f-bdf6-1a4890eb5609",
              "isHook": true,
              "skipped": false
            }
          ],
          "afterHooks": [
            {
              "title": "\"after all\" hook in \"Express\"",
              "fullTitle": "Express \"after all\" hook in \"Express\"",
              "timedOut": false,
              "duration": 0,
              "state": null,
              "speed": null,
              "pass": false,
              "fail": false,
              "pending": false,
              "context": null,
              "code": "server.close();\nconsole.log(`spec test server should close on port ${port}`);",
              "err": {},
              "uuid": "33b913f7-6fdb-49db-9b59-ffc863e27598",
              "parentUUID": "d029821a-0657-4e7f-bdf6-1a4890eb5609",
              "isHook": true,
              "skipped": false
            }
          ],
          "tests": [
            {
              "title": "spec test server should connect with status 200",
              "fullTitle": "Express spec test server should connect with status 200",
              "timedOut": false,
              "duration": 17,
              "state": "passed",
              "speed": "fast",
              "pass": true,
              "fail": false,
              "pending": false,
              "context": null,
              "code": "return await request.get('/', (req, res) => {\n    expect(res.status).to.equal(200);\n});",
              "err": {},
              "uuid": "5e96f160-5b92-47f1-8ef5-8c49f483f326",
              "parentUUID": "d029821a-0657-4e7f-bdf6-1a4890eb5609",
              "isHook": false,
              "skipped": false
            }
          ],
          "suites": [],
          "passes": [
            "5e96f160-5b92-47f1-8ef5-8c49f483f326"
          ],
          "failures": [],
          "pending": [],
          "skipped": [],
          "duration": 17,
          "root": false,
          "rootEmpty": false,
          "_timeout": 2000
        }
      ],
      "passes": [],
      "failures": [],
      "pending": [],
      "skipped": [],
      "duration": 0,
      "root": true,
      "rootEmpty": true,
      "_timeout": 2000
    }
  ],
  "meta": {
    "mocha": {
      "version": "10.2.0"
    },
    "mochawesome": {
      "options": {
        "quiet": false,
        "reportFilename": "mochawesome",
        "saveHtml": true,
        "saveJson": true,
        "consoleReporter": "spec",
        "useInlineDiffs": false,
        "code": true
      },
      "version": "7.1.3"
    },
    "marge": {
      "options": null,
      "version": "6.2.0"
    }
  }
}