{
  "stats": {
    "suites": 1,
    "tests": 3,
    "passes": 3,
    "pending": 0,
    "failures": 0,
    "start": "2023-03-24T19:39:26.325Z",
    "end": "2023-03-24T19:39:26.384Z",
    "duration": 59,
    "testsRegistered": 3,
    "passPercent": 100,
    "pendingPercent": 0,
    "other": 0,
    "hasOther": false,
    "skipped": 0,
    "hasSkipped": false
  },
  "results": [
    {
      "uuid": "ee47981c-abdd-49d2-b1c2-ebdd1fd8ab64",
      "title": "",
      "fullFile": "C:\\Users\\rlond\\Desktop\\Code\\store\\backend\\test\\test.js",
      "file": "\\test\\test.js",
      "beforeHooks": [],
      "afterHooks": [],
      "tests": [],
      "suites": [
        {
          "uuid": "4dfc2a81-644b-4ec9-8669-8e27f071d8c8",
          "title": "Mongoose",
          "fullFile": "C:\\Users\\rlond\\Desktop\\Code\\store\\backend\\test\\test.js",
          "file": "\\test\\test.js",
          "beforeHooks": [
            {
              "title": "\"before all\" hook: create connection in \"Mongoose\"",
              "fullTitle": "Mongoose \"before all\" hook: create connection in \"Mongoose\"",
              "timedOut": false,
              "duration": 47,
              "state": null,
              "speed": null,
              "pass": false,
              "fail": false,
              "pending": false,
              "context": null,
              "code": "conn_dev  = await mongoose.createConnection(mongo_test_uri).asPromise();\nconn_test = await mongoose.createConnection(mongo_dev_uri).asPromise();\nreturn;",
              "err": {},
              "uuid": "21f37f0a-dc80-4789-9574-77540742df83",
              "parentUUID": "4dfc2a81-644b-4ec9-8669-8e27f071d8c8",
              "isHook": true,
              "skipped": false
            }
          ],
          "afterHooks": [],
          "tests": [
            {
              "title": "shouldnt connect to DB with incorrect prefix",
              "fullTitle": "Mongoose shouldnt connect to DB with incorrect prefix",
              "timedOut": false,
              "duration": 1,
              "state": "passed",
              "speed": "fast",
              "pass": true,
              "fail": false,
              "pending": false,
              "context": null,
              "code": "conn_invalid = mongoose.createConnection(mongo_invalid_uri);\nconst ready = conn_invalid.readyState;\n\nif (assert.equal(ready, 0) === 0) {\n    assert.rejects(async () => {\n        conn_invalid = await mongoose.createConnection(mongo_invalid_uri).asPromise();\n    }, (err) => err === 'Invalid scheme, expected connection string to start with \"mongodb://\" or \"mongodb+srv://\"');\n};\ndone();",
              "err": {},
              "uuid": "6b130410-698e-49ac-9aaa-c2513e41eecb",
              "parentUUID": "4dfc2a81-644b-4ec9-8669-8e27f071d8c8",
              "isHook": false,
              "skipped": false
            },
            {
              "title": "should connect to Spec Test DB",
              "fullTitle": "Mongoose should connect to Spec Test DB",
              "timedOut": false,
              "duration": 1,
              "state": "passed",
              "speed": "fast",
              "pass": true,
              "fail": false,
              "pending": false,
              "context": null,
              "code": "const ready = conn_test.readyState;\n\nassert.equal(ready, 1);\ndone();",
              "err": {},
              "uuid": "4edb90a3-1e93-4097-8833-90c90e4c2af4",
              "parentUUID": "4dfc2a81-644b-4ec9-8669-8e27f071d8c8",
              "isHook": false,
              "skipped": false
            },
            {
              "title": "should connect to Dev DB",
              "fullTitle": "Mongoose should connect to Dev DB",
              "timedOut": false,
              "duration": 0,
              "state": "passed",
              "speed": "fast",
              "pass": true,
              "fail": false,
              "pending": false,
              "context": null,
              "code": "const ready = conn_dev.readyState;\n\nassert.equal(ready, 1);\ndone();",
              "err": {},
              "uuid": "9e1519e3-c161-4cdb-a41e-2e8bc46132de",
              "parentUUID": "4dfc2a81-644b-4ec9-8669-8e27f071d8c8",
              "isHook": false,
              "skipped": false
            }
          ],
          "suites": [],
          "passes": [
            "6b130410-698e-49ac-9aaa-c2513e41eecb",
            "4edb90a3-1e93-4097-8833-90c90e4c2af4",
            "9e1519e3-c161-4cdb-a41e-2e8bc46132de"
          ],
          "failures": [],
          "pending": [],
          "skipped": [],
          "duration": 2,
          "root": false,
          "rootEmpty": false,
          "_timeout": 2000
        }
      ],
      "passes": [],
      "failures": [],
      "pending": [],
      "skipped": [],
      "duration": 0,
      "root": true,
      "rootEmpty": true,
      "_timeout": 2000
    }
  ],
  "meta": {
    "mocha": {
      "version": "10.2.0"
    },
    "mochawesome": {
      "options": {
        "quiet": false,
        "reportFilename": "mochawesome",
        "saveHtml": true,
        "saveJson": true,
        "consoleReporter": "spec",
        "useInlineDiffs": false,
        "code": true
      },
      "version": "7.1.3"
    },
    "marge": {
      "options": null,
      "version": "6.2.0"
    }
  }
}